[ 2015-06-21T18:23:20+08:00 ] 127.0.0.1 /Daigou/index.html
INFO: [ app_init ] --START--
INFO: Run Behavior\BuildLiteBehavior [ RunTime:0.000000s ]
INFO: [ app_init ] --END-- [ RunTime:0.024001s ]
NOTIC: [8] Undefined index: t E:\upupw\vhosts\shenzhou.com\Apps\Home\Conf\config.php 第 2 行.
SQL: SHOW COLUMNS FROM `ls_config` [ RunTime:0.045002s ]
SQL: SELECT `name`,`value` FROM `ls_config`  [ RunTime:0.001000s ]
SQL: SHOW COLUMNS FROM `ls_lang` [ RunTime:0.017001s ]
SQL: SELECT `type` FROM `ls_lang` WHERE ( status=1 )  [ RunTime:0.000000s ]
INFO: [ app_begin ] --START--
INFO: Run Behavior\ReadHtmlCacheBehavior [ RunTime:0.013001s ]
INFO: Run Behavior\CheckLangBehavior [ RunTime:0.014001s ]
INFO: [ app_begin ] --END-- [ RunTime:0.027002s ]
SQL: SELECT * FROM `ls_lang` WHERE ( status=1 )  [ RunTime:0.001000s ]
NOTIC: [8] Undefined index: l E:\upupw\vhosts\shenzhou.com\Apps\Home\Controller\CommonController.class.php 第 8 行.
SQL: SHOW COLUMNS FROM `ls_category` [ RunTime:0.016001s ]
SQL: SELECT `id`,`title`,`lang`,`sort` FROM `ls_category` WHERE ( status=1 AND pid=0 AND lang="zh-CN" ) ORDER BY sort desc  [ RunTime:0.001000s ]
SQL: SHOW COLUMNS FROM `ls_cart` [ RunTime:0.041003s ]
SQL: SELECT COUNT(*) AS tp_count FROM `ls_cart` WHERE ( anonymous="b20be15fed1b9935d03c2921d7e170ae" ) LIMIT 1   [ RunTime:0.001000s ]
SQL: SELECT `id`,`title` FROM `ls_category` WHERE ( `status` = 0 ) AND ( `lang` = 'zh-CN' ) ORDER BY sort desc LIMIT 5   [ RunTime:0.000000s ]
SQL: SHOW COLUMNS FROM `ls_article` [ RunTime:0.043002s ]
SQL: SELECT `id`,`title` FROM `ls_article` WHERE ( `cid` = 25 ) ORDER BY sort desc LIMIT 4   [ RunTime:0.025002s ]
SQL: SELECT `id`,`title` FROM `ls_article` WHERE ( `cid` = 26 ) ORDER BY sort desc LIMIT 4   [ RunTime:0.001000s ]
SQL: SELECT `id`,`title` FROM `ls_article` WHERE ( `cid` = 27 ) ORDER BY sort desc LIMIT 4   [ RunTime:0.001000s ]
SQL: SELECT `id`,`title` FROM `ls_article` WHERE ( `cid` = 28 ) ORDER BY sort desc LIMIT 4   [ RunTime:0.001000s ]
SQL: SELECT `id`,`title` FROM `ls_article` WHERE ( `cid` = 30 ) ORDER BY sort desc LIMIT 4   [ RunTime:0.001000s ]
SQL: SHOW COLUMNS FROM `ls_yundan_baoguo` [ RunTime:0.061004s ]
SQL: SELECT * FROM `ls_yundan_baoguo` WHERE ( `uid` = null ) AND ( `status` <> 6 )  [ RunTime:0.001000s ]
SQL: SHOW COLUMNS FROM `ls_daigou` [ RunTime:0.010000s ]
SQL: SELECT * FROM `ls_daigou` WHERE ( `uid` = null ) AND ( `status` <> 6 )  [ RunTime:0.001000s ]
SQL: SELECT COUNT(*) AS tp_count FROM `ls_cart` WHERE ( uid= ) LIMIT 1   [ RunTime:0.000000s ]
ERR: 1064:You have an error in your SQL syntax; check the manual that corresponds to your MySQL server version for the right syntax to use near ') LIMIT 1' at line 1
 [ SQL语句 ] : SELECT COUNT(*) AS tp_count FROM `ls_cart` WHERE ( uid= ) LIMIT 1  
INFO: [ view_parse ] --START--
INFO: [ template_filter ] --START--
INFO: Run Behavior\ContentReplaceBehavior [ RunTime:0.000000s ]
INFO: [ template_filter ] --END-- [ RunTime:0.000000s ]
NOTIC: [8] Undefined index: user_auth E:\upupw\vhosts\shenzhou.com\Apps\Runtime\Cache\Home\5e09dde391bccec5fabd10421d32e7da.php 第 56 行.
NOTIC: [8] Undefined index: url E:\upupw\vhosts\shenzhou.com\Apps\Runtime\Cache\Home\5e09dde391bccec5fabd10421d32e7da.php 第 186 行.
NOTIC: [8] Undefined index: url E:\upupw\vhosts\shenzhou.com\Apps\Runtime\Cache\Home\5e09dde391bccec5fabd10421d32e7da.php 第 454 行.
INFO: Run Behavior\ParseTemplateBehavior [ RunTime:0.233013s ]
INFO: [ view_parse ] --END-- [ RunTime:0.233013s ]
INFO: [ view_filter ] --START--
INFO: Run Behavior\WriteHtmlCacheBehavior [ RunTime:0.043002s ]
INFO: [ view_filter ] --END-- [ RunTime:0.043002s ]
INFO: [ app_end ] --START--
INFO: Run Behavior\ShowPageTraceBehavior [ RunTime:0.003000s ]
INFO: [ app_end ] --END-- [ RunTime:0.003000s ]

[ 2015-06-21T18:24:14+08:00 ] 127.0.0.1 /Index/index.html
INFO: [ app_init ] --START--
INFO: Run Behavior\BuildLiteBehavior [ RunTime:0.000000s ]
INFO: [ app_init ] --END-- [ RunTime:0.000000s ]
NOTIC: [8] Undefined index: t E:\upupw\vhosts\shenzhou.com\Apps\Home\Conf\config.php 第 2 行.
SQL: SHOW COLUMNS FROM `ls_config` [ RunTime:0.007000s ]
SQL: SELECT `name`,`value` FROM `ls_config`  [ RunTime:0.001000s ]
SQL: SHOW COLUMNS FROM `ls_lang` [ RunTime:0.006001s ]
SQL: SELECT `type` FROM `ls_lang` WHERE ( status=1 )  [ RunTime:0.001000s ]
INFO: [ app_begin ] --START--
INFO: Run Behavior\ReadHtmlCacheBehavior [ RunTime:0.001000s ]
INFO: Run Behavior\CheckLangBehavior [ RunTime:0.003000s ]
INFO: [ app_begin ] --END-- [ RunTime:0.004000s ]
SQL: SELECT * FROM `ls_lang` WHERE ( status=1 )  [ RunTime:0.001000s ]
NOTIC: [8] Undefined index: l E:\upupw\vhosts\shenzhou.com\Apps\Home\Controller\CommonController.class.php 第 8 行.
SQL: SHOW COLUMNS FROM `ls_category` [ RunTime:0.006000s ]
SQL: SELECT `id`,`title`,`lang`,`sort` FROM `ls_category` WHERE ( status=1 AND pid=0 AND lang="zh-CN" ) ORDER BY sort desc  [ RunTime:0.001000s ]
SQL: SHOW COLUMNS FROM `ls_cart` [ RunTime:0.006000s ]
SQL: SELECT COUNT(*) AS tp_count FROM `ls_cart` WHERE ( anonymous="b20be15fed1b9935d03c2921d7e170ae" ) LIMIT 1   [ RunTime:0.002001s ]
SQL: SELECT `id`,`title` FROM `ls_category` WHERE ( `status` = 0 ) AND ( `lang` = 'zh-CN' ) ORDER BY sort desc LIMIT 5   [ RunTime:0.001000s ]
SQL: SHOW COLUMNS FROM `ls_article` [ RunTime:0.006000s ]
SQL: SELECT `id`,`title` FROM `ls_article` WHERE ( `cid` = 25 ) ORDER BY sort desc LIMIT 4   [ RunTime:0.000000s ]
SQL: SELECT `id`,`title` FROM `ls_article` WHERE ( `cid` = 26 ) ORDER BY sort desc LIMIT 4   [ RunTime:0.001000s ]
SQL: SELECT `id`,`title` FROM `ls_article` WHERE ( `cid` = 27 ) ORDER BY sort desc LIMIT 4   [ RunTime:0.001000s ]
SQL: SELECT `id`,`title` FROM `ls_article` WHERE ( `cid` = 28 ) ORDER BY sort desc LIMIT 4   [ RunTime:0.001000s ]
SQL: SELECT `id`,`title` FROM `ls_article` WHERE ( `cid` = 30 ) ORDER BY sort desc LIMIT 4   [ RunTime:0.001000s ]
SQL: SHOW COLUMNS FROM `ls_yundan_baoguo` [ RunTime:0.006001s ]
SQL: SELECT * FROM `ls_yundan_baoguo` WHERE ( `uid` = null ) AND ( `status` <> 6 )  [ RunTime:0.001000s ]
SQL: SHOW COLUMNS FROM `ls_daigou` [ RunTime:0.006000s ]
SQL: SELECT * FROM `ls_daigou` WHERE ( `uid` = null ) AND ( `status` <> 6 )  [ RunTime:0.000000s ]
SQL: SELECT COUNT(*) AS tp_count FROM `ls_cart` WHERE ( uid= ) LIMIT 1   [ RunTime:0.000000s ]
ERR: 1064:You have an error in your SQL syntax; check the manual that corresponds to your MySQL server version for the right syntax to use near ') LIMIT 1' at line 1
 [ SQL语句 ] : SELECT COUNT(*) AS tp_count FROM `ls_cart` WHERE ( uid= ) LIMIT 1  
SQL: SHOW COLUMNS FROM `ls_state` [ RunTime:0.025002s ]
SQL: SELECT * FROM `ls_state`  [ RunTime:0.001000s ]
NOTIC: [8] Undefined index: l E:\upupw\vhosts\shenzhou.com\Apps\Home\Controller\IndexController.class.php 第 8 行.
SQL: SELECT * FROM `ls_article` WHERE ( cid=31 AND lang="zh-CN" ) ORDER BY id desc LIMIT 4   [ RunTime:0.037002s ]
SQL: SHOW COLUMNS FROM `ls_indexad` [ RunTime:0.016001s ]
SQL: SELECT * FROM `ls_indexad` WHERE ( status=1 ) ORDER BY sort desc  [ RunTime:0.001000s ]
SQL: SHOW COLUMNS FROM `ls_gjwu` [ RunTime:0.016001s ]
SQL: SELECT * FROM `ls_gjwu` WHERE ( status=1 ) ORDER BY sort desc LIMIT 1   [ RunTime:0.001000s ]
SQL: SHOW COLUMNS FROM `ls_pay` [ RunTime:0.009000s ]
SQL: SELECT * FROM `ls_pay` WHERE ( status=1 ) ORDER BY sort desc LIMIT 1   [ RunTime:0.001001s ]
SQL: SELECT * FROM `ls_cart` WHERE ( uid= )  [ RunTime:0.000000s ]
ERR: 1064:You have an error in your SQL syntax; check the manual that corresponds to your MySQL server version for the right syntax to use near ')' at line 1
 [ SQL语句 ] : SELECT * FROM `ls_cart` WHERE ( uid= ) 
SQL: SHOW COLUMNS FROM `ls_yundan` [ RunTime:0.016001s ]
SQL: SELECT * FROM `ls_yundan` WHERE ( `uid` = null ) AND ( `status` = 5 )  [ RunTime:0.001000s ]
SQL: select * from ls_msg where uid='' and reply is null [ RunTime:0.016001s ]
SQL: SELECT * FROM `ls_yundan` WHERE ( `uid` = null ) AND ( `status` = 1 )  [ RunTime:0.001000s ]
INFO: [ view_parse ] --START--
INFO: [ template_filter ] --START--
INFO: Run Behavior\ContentReplaceBehavior [ RunTime:0.001000s ]
INFO: [ template_filter ] --END-- [ RunTime:0.001000s ]
NOTIC: [8] Undefined index: user_auth E:\upupw\vhosts\shenzhou.com\Apps\Runtime\Cache\Home\ba573470540def30731592a82c36948f.php 第 56 行.
NOTIC: [8] Undefined index: user_auth E:\upupw\vhosts\shenzhou.com\Apps\Runtime\Cache\Home\ba573470540def30731592a82c36948f.php 第 233 行.
INFO: Run Behavior\ParseTemplateBehavior [ RunTime:0.054003s ]
INFO: [ view_parse ] --END-- [ RunTime:0.054003s ]
INFO: [ view_filter ] --START--
INFO: Run Behavior\WriteHtmlCacheBehavior [ RunTime:0.002000s ]
INFO: [ view_filter ] --END-- [ RunTime:0.002000s ]
INFO: [ app_end ] --START--
INFO: Run Behavior\ShowPageTraceBehavior [ RunTime:0.001000s ]
INFO: [ app_end ] --END-- [ RunTime:0.001000s ]

[ 2015-06-21T18:24:15+08:00 ] 127.0.0.1 /Public/verify.html
INFO: [ app_init ] --START--
INFO: Run Behavior\BuildLiteBehavior [ RunTime:0.000000s ]
INFO: [ app_init ] --END-- [ RunTime:0.000000s ]
NOTIC: [8] Undefined index: t E:\upupw\vhosts\shenzhou.com\Apps\Home\Conf\config.php 第 2 行.
SQL: SHOW COLUMNS FROM `ls_config` [ RunTime:0.006000s ]
SQL: SELECT `name`,`value` FROM `ls_config`  [ RunTime:0.001000s ]
SQL: SHOW COLUMNS FROM `ls_lang` [ RunTime:0.005001s ]
SQL: SELECT `type` FROM `ls_lang` WHERE ( status=1 )  [ RunTime:0.001000s ]
INFO: [ app_begin ] --START--
INFO: Run Behavior\ReadHtmlCacheBehavior [ RunTime:0.001000s ]
INFO: Run Behavior\CheckLangBehavior [ RunTime:0.004000s ]
INFO: [ app_begin ] --END-- [ RunTime:0.005000s ]
SQL: SELECT * FROM `ls_lang` WHERE ( status=1 )  [ RunTime:0.001000s ]
NOTIC: [8] Undefined index: l E:\upupw\vhosts\shenzhou.com\Apps\Home\Controller\PublicController.class.php 第 7 行.
SQL: SHOW COLUMNS FROM `ls_category` [ RunTime:0.006000s ]
SQL: SELECT `id`,`title`,`lang`,`sort` FROM `ls_category` WHERE ( status=1 AND pid=0 AND lang="zh-CN" ) ORDER BY sort desc  [ RunTime:0.001000s ]
SQL: SHOW COLUMNS FROM `ls_cart` [ RunTime:0.006000s ]
SQL: SELECT COUNT(*) AS tp_count FROM `ls_cart` WHERE ( anonymous="b20be15fed1b9935d03c2921d7e170ae" ) LIMIT 1   [ RunTime:0.001000s ]
SQL: SELECT `id`,`title` FROM `ls_category` WHERE ( `status` = 0 ) AND ( `lang` = 'zh-CN' ) ORDER BY id asc LIMIT 5   [ RunTime:0.000000s ]
SQL: SHOW COLUMNS FROM `ls_article` [ RunTime:0.006000s ]
SQL: SELECT `id`,`title` FROM `ls_article` WHERE ( `cid` = 25 ) LIMIT 6   [ RunTime:0.001000s ]
SQL: SELECT `id`,`title` FROM `ls_article` WHERE ( `cid` = 26 ) LIMIT 6   [ RunTime:0.001000s ]
SQL: SELECT `id`,`title` FROM `ls_article` WHERE ( `cid` = 27 ) LIMIT 6   [ RunTime:0.000000s ]
SQL: SELECT `id`,`title` FROM `ls_article` WHERE ( `cid` = 28 ) LIMIT 6   [ RunTime:0.001000s ]
SQL: SELECT `id`,`title` FROM `ls_article` WHERE ( `cid` = 30 ) LIMIT 6   [ RunTime:0.001000s ]
INFO: [ app_end ] --START--
INFO: Run Behavior\ShowPageTraceBehavior [ RunTime:0.003000s ]
INFO: [ app_end ] --END-- [ RunTime:0.004000s ]

[ 2015-06-21T18:24:37+08:00 ] 127.0.0.1 /Public/verify.html?0.1457163984887302
INFO: [ app_init ] --START--
INFO: Run Behavior\BuildLiteBehavior [ RunTime:0.000000s ]
INFO: [ app_init ] --END-- [ RunTime:0.000000s ]
NOTIC: [8] Undefined index: t E:\upupw\vhosts\shenzhou.com\Apps\Home\Conf\config.php 第 2 行.
SQL: SHOW COLUMNS FROM `ls_config` [ RunTime:0.000000s ]
SQL: SELECT `name`,`value` FROM `ls_config`  [ RunTime:0.000000s ]
SQL: SHOW COLUMNS FROM `ls_lang` [ RunTime:0.015600s ]
SQL: SELECT `type` FROM `ls_lang` WHERE ( status=1 )  [ RunTime:0.000000s ]
INFO: [ app_begin ] --START--
INFO: Run Behavior\ReadHtmlCacheBehavior [ RunTime:0.000000s ]
INFO: Run Behavior\CheckLangBehavior [ RunTime:0.000000s ]
INFO: [ app_begin ] --END-- [ RunTime:0.000000s ]
SQL: SELECT * FROM `ls_lang` WHERE ( status=1 )  [ RunTime:0.000000s ]
NOTIC: [8] Undefined index: l E:\upupw\vhosts\shenzhou.com\Apps\Home\Controller\PublicController.class.php 第 7 行.
SQL: SHOW COLUMNS FROM `ls_category` [ RunTime:0.005000s ]
SQL: SELECT `id`,`title`,`lang`,`sort` FROM `ls_category` WHERE ( status=1 AND pid=0 AND lang="zh-CN" ) ORDER BY sort desc  [ RunTime:0.001000s ]
SQL: SHOW COLUMNS FROM `ls_cart` [ RunTime:0.006001s ]
SQL: SELECT COUNT(*) AS tp_count FROM `ls_cart` WHERE ( anonymous="b20be15fed1b9935d03c2921d7e170ae" ) LIMIT 1   [ RunTime:0.001000s ]
SQL: SELECT `id`,`title` FROM `ls_category` WHERE ( `status` = 0 ) AND ( `lang` = 'zh-CN' ) ORDER BY id asc LIMIT 5   [ RunTime:0.000000s ]
SQL: SHOW COLUMNS FROM `ls_article` [ RunTime:0.000000s ]
SQL: SELECT `id`,`title` FROM `ls_article` WHERE ( `cid` = 25 ) LIMIT 6   [ RunTime:0.000000s ]
SQL: SELECT `id`,`title` FROM `ls_article` WHERE ( `cid` = 26 ) LIMIT 6   [ RunTime:0.000000s ]
SQL: SELECT `id`,`title` FROM `ls_article` WHERE ( `cid` = 27 ) LIMIT 6   [ RunTime:0.000000s ]
SQL: SELECT `id`,`title` FROM `ls_article` WHERE ( `cid` = 28 ) LIMIT 6   [ RunTime:0.000000s ]
SQL: SELECT `id`,`title` FROM `ls_article` WHERE ( `cid` = 30 ) LIMIT 6   [ RunTime:0.000000s ]
INFO: [ app_end ] --START--
INFO: Run Behavior\ShowPageTraceBehavior [ RunTime:0.000000s ]
INFO: [ app_end ] --END-- [ RunTime:0.000000s ]

[ 2015-06-21T18:24:44+08:00 ] 127.0.0.1 /Public/checklogin.html
INFO: [ app_init ] --START--
INFO: Run Behavior\BuildLiteBehavior [ RunTime:0.000000s ]
INFO: [ app_init ] --END-- [ RunTime:0.001000s ]
NOTIC: [8] Undefined index: t E:\upupw\vhosts\shenzhou.com\Apps\Home\Conf\config.php 第 2 行.
SQL: SHOW COLUMNS FROM `ls_config` [ RunTime:0.000000s ]
SQL: SELECT `name`,`value` FROM `ls_config`  [ RunTime:0.000000s ]
SQL: SHOW COLUMNS FROM `ls_lang` [ RunTime:0.000000s ]
SQL: SELECT `type` FROM `ls_lang` WHERE ( status=1 )  [ RunTime:0.000000s ]
INFO: [ app_begin ] --START--
INFO: Run Behavior\ReadHtmlCacheBehavior [ RunTime:0.000000s ]
INFO: Run Behavior\CheckLangBehavior [ RunTime:0.015600s ]
INFO: [ app_begin ] --END-- [ RunTime:0.015600s ]
SQL: SELECT * FROM `ls_lang` WHERE ( status=1 )  [ RunTime:0.000000s ]
NOTIC: [8] Undefined index: l E:\upupw\vhosts\shenzhou.com\Apps\Home\Controller\PublicController.class.php 第 7 行.
SQL: SHOW COLUMNS FROM `ls_category` [ RunTime:0.000000s ]
SQL: SELECT `id`,`title`,`lang`,`sort` FROM `ls_category` WHERE ( status=1 AND pid=0 AND lang="zh-CN" ) ORDER BY sort desc  [ RunTime:0.000000s ]
SQL: SHOW COLUMNS FROM `ls_cart` [ RunTime:0.015600s ]
SQL: SELECT COUNT(*) AS tp_count FROM `ls_cart` WHERE ( anonymous="b20be15fed1b9935d03c2921d7e170ae" ) LIMIT 1   [ RunTime:0.000000s ]
SQL: SELECT `id`,`title` FROM `ls_category` WHERE ( `status` = 0 ) AND ( `lang` = 'zh-CN' ) ORDER BY id asc LIMIT 5   [ RunTime:0.000000s ]
SQL: SHOW COLUMNS FROM `ls_article` [ RunTime:0.000000s ]
SQL: SELECT `id`,`title` FROM `ls_article` WHERE ( `cid` = 25 ) LIMIT 6   [ RunTime:0.000000s ]
SQL: SELECT `id`,`title` FROM `ls_article` WHERE ( `cid` = 26 ) LIMIT 6   [ RunTime:0.000000s ]
SQL: SELECT `id`,`title` FROM `ls_article` WHERE ( `cid` = 27 ) LIMIT 6   [ RunTime:0.000000s ]
SQL: SELECT `id`,`title` FROM `ls_article` WHERE ( `cid` = 28 ) LIMIT 6   [ RunTime:0.000000s ]
SQL: SELECT `id`,`title` FROM `ls_article` WHERE ( `cid` = 30 ) LIMIT 6   [ RunTime:0.015600s ]
SQL: SHOW COLUMNS FROM `ls_users` [ RunTime:0.015600s ]
SQL: SELECT `uid`,`username`,`password`,`nickname`,`xingming`,`touxiang`,`utype`,`email`,`mobile`,`state`,`sex`,`birthday`,`qq`,`score`,`huascore`,`money`,`xinyong`,`login`,`reg_ip`,`reg_time`,`last_login_ip`,`last_login_time`,`update_time`,`status`,`jianjie`,`tempcode`,`ziliao` FROM `ls_users` WHERE ( `username` = 'admin22' ) OR ( `email` = 'admin22' ) LIMIT 1   [ RunTime:0.000000s ]
SQL: UPDATE `ls_users` SET `login`=`login`+1,`last_login_time`=1434882284,`last_login_ip`='2130706433' WHERE ( `uid` = 19 ) [ RunTime:0.000000s ]
SQL: UPDATE `ls_cart` SET `uid`=19 WHERE ( anonymous="b20be15fed1b9935d03c2921d7e170ae" AND uid=0 ) [ RunTime:0.000000s ]

[ 2015-06-21T18:24:46+08:00 ] 127.0.0.1 /Index/index.html
INFO: [ app_init ] --START--
INFO: Run Behavior\BuildLiteBehavior [ RunTime:0.000000s ]
INFO: [ app_init ] --END-- [ RunTime:0.001000s ]
NOTIC: [8] Undefined index: t E:\upupw\vhosts\shenzhou.com\Apps\Home\Conf\config.php 第 2 行.
SQL: SHOW COLUMNS FROM `ls_config` [ RunTime:0.006001s ]
SQL: SELECT `name`,`value` FROM `ls_config`  [ RunTime:0.000000s ]
SQL: SHOW COLUMNS FROM `ls_lang` [ RunTime:0.006000s ]
SQL: SELECT `type` FROM `ls_lang` WHERE ( status=1 )  [ RunTime:0.000000s ]
INFO: [ app_begin ] --START--
INFO: Run Behavior\ReadHtmlCacheBehavior [ RunTime:0.001000s ]
INFO: Run Behavior\CheckLangBehavior [ RunTime:0.003000s ]
INFO: [ app_begin ] --END-- [ RunTime:0.004000s ]
SQL: SELECT * FROM `ls_lang` WHERE ( status=1 )  [ RunTime:0.000000s ]
NOTIC: [8] Undefined index: l E:\upupw\vhosts\shenzhou.com\Apps\Home\Controller\CommonController.class.php 第 8 行.
SQL: SHOW COLUMNS FROM `ls_category` [ RunTime:0.006000s ]
SQL: SELECT `id`,`title`,`lang`,`sort` FROM `ls_category` WHERE ( status=1 AND pid=0 AND lang="zh-CN" ) ORDER BY sort desc  [ RunTime:0.001000s ]
SQL: SHOW COLUMNS FROM `ls_cart` [ RunTime:0.007001s ]
SQL: SELECT COUNT(*) AS tp_count FROM `ls_cart` WHERE ( uid=19 ) LIMIT 1   [ RunTime:0.001000s ]
SQL: SELECT `id`,`title` FROM `ls_category` WHERE ( `status` = 0 ) AND ( `lang` = 'zh-CN' ) ORDER BY sort desc LIMIT 5   [ RunTime:0.001000s ]
SQL: SHOW COLUMNS FROM `ls_article` [ RunTime:0.008000s ]
SQL: SELECT `id`,`title` FROM `ls_article` WHERE ( `cid` = 25 ) ORDER BY sort desc LIMIT 4   [ RunTime:0.001000s ]
SQL: SELECT `id`,`title` FROM `ls_article` WHERE ( `cid` = 26 ) ORDER BY sort desc LIMIT 4   [ RunTime:0.001000s ]
SQL: SELECT `id`,`title` FROM `ls_article` WHERE ( `cid` = 27 ) ORDER BY sort desc LIMIT 4   [ RunTime:0.002001s ]
SQL: SELECT `id`,`title` FROM `ls_article` WHERE ( `cid` = 28 ) ORDER BY sort desc LIMIT 4   [ RunTime:0.001000s ]
SQL: SELECT `id`,`title` FROM `ls_article` WHERE ( `cid` = 30 ) ORDER BY sort desc LIMIT 4   [ RunTime:0.001000s ]
SQL: SHOW COLUMNS FROM `ls_yundan_baoguo` [ RunTime:0.008000s ]
SQL: SELECT * FROM `ls_yundan_baoguo` WHERE ( `uid` = 19 ) AND ( `status` <> 6 )  [ RunTime:0.001000s ]
SQL: SHOW COLUMNS FROM `ls_daigou` [ RunTime:0.015001s ]
SQL: SELECT * FROM `ls_daigou` WHERE ( `uid` = 19 ) AND ( `status` <> 6 )  [ RunTime:0.001000s ]
SQL: SELECT COUNT(*) AS tp_count FROM `ls_cart` WHERE ( uid=19 ) LIMIT 1   [ RunTime:0.001000s ]
SQL: SHOW COLUMNS FROM `ls_state` [ RunTime:0.007001s ]
SQL: SELECT * FROM `ls_state`  [ RunTime:0.001000s ]
NOTIC: [8] Undefined index: l E:\upupw\vhosts\shenzhou.com\Apps\Home\Controller\IndexController.class.php 第 8 行.
SQL: SELECT * FROM `ls_article` WHERE ( cid=31 AND lang="zh-CN" ) ORDER BY id desc LIMIT 4   [ RunTime:0.001000s ]
SQL: SHOW COLUMNS FROM `ls_indexad` [ RunTime:0.006000s ]
SQL: SELECT * FROM `ls_indexad` WHERE ( status=1 ) ORDER BY sort desc  [ RunTime:0.001000s ]
SQL: SHOW COLUMNS FROM `ls_gjwu` [ RunTime:0.006001s ]
SQL: SELECT * FROM `ls_gjwu` WHERE ( status=1 ) ORDER BY sort desc LIMIT 1   [ RunTime:0.001000s ]
SQL: SHOW COLUMNS FROM `ls_pay` [ RunTime:0.006000s ]
SQL: SELECT * FROM `ls_pay` WHERE ( status=1 ) ORDER BY sort desc LIMIT 1   [ RunTime:0.001000s ]
SQL: SELECT * FROM `ls_cart` WHERE ( uid=19 )  [ RunTime:0.001000s ]
SQL: SHOW COLUMNS FROM `ls_yundan` [ RunTime:0.007001s ]
SQL: SELECT * FROM `ls_yundan` WHERE ( `uid` = 19 ) AND ( `status` = 5 )  [ RunTime:0.001000s ]
SQL: select * from ls_msg where uid='19' and reply is null [ RunTime:0.000000s ]
SQL: SELECT * FROM `ls_yundan` WHERE ( `uid` = 19 ) AND ( `status` = 1 )  [ RunTime:0.002000s ]
INFO: [ view_parse ] --START--
INFO: [ template_filter ] --START--
INFO: Run Behavior\ContentReplaceBehavior [ RunTime:0.000000s ]
INFO: [ template_filter ] --END-- [ RunTime:0.000000s ]
INFO: Run Behavior\ParseTemplateBehavior [ RunTime:0.044003s ]
INFO: [ view_parse ] --END-- [ RunTime:0.044003s ]
INFO: [ view_filter ] --START--
INFO: Run Behavior\WriteHtmlCacheBehavior [ RunTime:0.001000s ]
INFO: [ view_filter ] --END-- [ RunTime:0.002000s ]
INFO: [ app_end ] --START--
INFO: Run Behavior\ShowPageTraceBehavior [ RunTime:0.002000s ]
INFO: [ app_end ] --END-- [ RunTime:0.002000s ]

[ 2015-06-21T18:25:57+08:00 ] 127.0.0.1 /User/index.html
INFO: [ app_init ] --START--
INFO: Run Behavior\BuildLiteBehavior [ RunTime:0.000000s ]
INFO: [ app_init ] --END-- [ RunTime:0.001000s ]
NOTIC: [8] Undefined index: t E:\upupw\vhosts\shenzhou.com\Apps\Home\Conf\config.php 第 2 行.
SQL: SHOW COLUMNS FROM `ls_config` [ RunTime:0.005000s ]
SQL: SELECT `name`,`value` FROM `ls_config`  [ RunTime:0.001000s ]
SQL: SHOW COLUMNS FROM `ls_lang` [ RunTime:0.007001s ]
SQL: SELECT `type` FROM `ls_lang` WHERE ( status=1 )  [ RunTime:0.001000s ]
INFO: [ app_begin ] --START--
INFO: Run Behavior\ReadHtmlCacheBehavior [ RunTime:0.002000s ]
INFO: Run Behavior\CheckLangBehavior [ RunTime:0.002000s ]
INFO: [ app_begin ] --END-- [ RunTime:0.004000s ]
SQL: SELECT * FROM `ls_lang` WHERE ( status=1 )  [ RunTime:0.001000s ]
NOTIC: [8] Undefined index: l E:\upupw\vhosts\shenzhou.com\Apps\Home\Controller\UcommonController.class.php 第 10 行.
SQL: SHOW COLUMNS FROM `ls_category` [ RunTime:0.006000s ]
SQL: SELECT `id`,`title`,`lang`,`sort` FROM `ls_category` WHERE ( status=1 AND pid=0 AND lang="zh-CN" ) ORDER BY sort desc  [ RunTime:0.001000s ]
SQL: SELECT `id`,`title` FROM `ls_category` WHERE ( `status` = 0 ) AND ( `lang` = 'zh-CN' ) ORDER BY sort desc LIMIT 5   [ RunTime:0.001000s ]
SQL: SHOW COLUMNS FROM `ls_article` [ RunTime:0.007001s ]
SQL: SELECT `id`,`title` FROM `ls_article` WHERE ( `cid` = 25 ) ORDER BY sort desc LIMIT 4   [ RunTime:0.001000s ]
SQL: SELECT `id`,`title` FROM `ls_article` WHERE ( `cid` = 26 ) ORDER BY sort desc LIMIT 4   [ RunTime:0.001000s ]
SQL: SELECT `id`,`title` FROM `ls_article` WHERE ( `cid` = 27 ) ORDER BY sort desc LIMIT 4   [ RunTime:0.000000s ]
SQL: SELECT `id`,`title` FROM `ls_article` WHERE ( `cid` = 28 ) ORDER BY sort desc LIMIT 4   [ RunTime:0.000000s ]
SQL: SELECT `id`,`title` FROM `ls_article` WHERE ( `cid` = 30 ) ORDER BY sort desc LIMIT 4   [ RunTime:0.000000s ]
SQL: SHOW COLUMNS FROM `ls_users` [ RunTime:0.007001s ]
SQL: SELECT * FROM `ls_users` WHERE ( `uid` = 19 ) LIMIT 1   [ RunTime:0.001000s ]
SQL: SHOW COLUMNS FROM `ls_cart` [ RunTime:0.005000s ]
SQL: SELECT COUNT(*) AS tp_count FROM `ls_cart` WHERE ( uid=19 ) LIMIT 1   [ RunTime:0.001000s ]
SQL: SHOW COLUMNS FROM `ls_yundan_baoguo` [ RunTime:0.006000s ]
SQL: SELECT * FROM `ls_yundan_baoguo` WHERE ( `uid` = 19 ) AND ( `status` <> 6 )  [ RunTime:0.000000s ]
SQL: SHOW COLUMNS FROM `ls_daigou` [ RunTime:0.007000s ]
SQL: SELECT * FROM `ls_daigou` WHERE ( `uid` = 19 ) AND ( `status` <> 6 )  [ RunTime:0.001000s ]
SQL: SHOW COLUMNS FROM `ls_msg` [ RunTime:0.006000s ]
SQL: SELECT * FROM `ls_msg` WHERE ( `type` = 'notice' ) AND ( `uid` = 0 )  [ RunTime:0.001000s ]
SQL: SHOW COLUMNS FROM `ls_yundan` [ RunTime:0.007001s ]
SQL: SELECT * FROM `ls_yundan` WHERE ( uid=19 AND status=3 )  [ RunTime:0.001000s ]
SQL: SELECT * FROM `ls_daigou` WHERE ( uid=19 AND payed=0 )  [ RunTime:0.001000s ]
SQL: SELECT * FROM `ls_msg` WHERE ( `uid` = 19 ) AND ( `reply` = '' )  [ RunTime:0.001000s ]
INFO: [ view_parse ] --START--
INFO: [ template_filter ] --START--
INFO: Run Behavior\ContentReplaceBehavior [ RunTime:0.001000s ]
INFO: [ template_filter ] --END-- [ RunTime:0.001000s ]
NOTIC: [8] Use of undefined constant cwguan - assumed 'cwguan' E:\upupw\vhosts\shenzhou.com\Apps\Runtime\Cache\Home\ea18d68a1a9babc0127bd9e8cbe45d2f.php 第 114 行.
SQL: SHOW COLUMNS FROM `ls_usertype` [ RunTime:0.020001s ]
SQL: SELECT `name` FROM `ls_usertype` WHERE ( `minscore` <= '1765' ) AND ( `maxscore` >= '1765' ) LIMIT 1   [ RunTime:0.001000s ]
INFO: Run Behavior\ParseTemplateBehavior [ RunTime:0.072004s ]
INFO: [ view_parse ] --END-- [ RunTime:0.072004s ]
INFO: [ view_filter ] --START--
INFO: Run Behavior\WriteHtmlCacheBehavior [ RunTime:0.001000s ]
INFO: [ view_filter ] --END-- [ RunTime:0.001000s ]
INFO: [ app_end ] --START--
INFO: Run Behavior\ShowPageTraceBehavior [ RunTime:0.001001s ]
INFO: [ app_end ] --END-- [ RunTime:0.001001s ]

[ 2015-06-21T18:36:19+08:00 ] 127.0.0.1 /User/myscore.html
INFO: [ app_init ] --START--
INFO: Run Behavior\BuildLiteBehavior [ RunTime:0.000000s ]
INFO: [ app_init ] --END-- [ RunTime:0.015600s ]
NOTIC: [8] Undefined index: t E:\upupw\vhosts\shenzhou.com\Apps\Home\Conf\config.php 第 2 行.
SQL: SHOW COLUMNS FROM `ls_config` [ RunTime:0.006000s ]
SQL: SELECT `name`,`value` FROM `ls_config`  [ RunTime:0.001000s ]
SQL: SHOW COLUMNS FROM `ls_lang` [ RunTime:0.005001s ]
SQL: SELECT `type` FROM `ls_lang` WHERE ( status=1 )  [ RunTime:0.000000s ]
INFO: [ app_begin ] --START--
INFO: Run Behavior\ReadHtmlCacheBehavior [ RunTime:0.001000s ]
INFO: Run Behavior\CheckLangBehavior [ RunTime:0.003000s ]
INFO: [ app_begin ] --END-- [ RunTime:0.004000s ]
SQL: SELECT * FROM `ls_lang` WHERE ( status=1 )  [ RunTime:0.000000s ]
NOTIC: [8] Undefined index: l E:\upupw\vhosts\shenzhou.com\Apps\Home\Controller\UcommonController.class.php 第 10 行.
SQL: SHOW COLUMNS FROM `ls_category` [ RunTime:0.005001s ]
SQL: SELECT `id`,`title`,`lang`,`sort` FROM `ls_category` WHERE ( status=1 AND pid=0 AND lang="zh-CN" ) ORDER BY sort desc  [ RunTime:0.000000s ]
SQL: SELECT `id`,`title` FROM `ls_category` WHERE ( `status` = 0 ) AND ( `lang` = 'zh-CN' ) ORDER BY sort desc LIMIT 5   [ RunTime:0.000000s ]
SQL: SHOW COLUMNS FROM `ls_article` [ RunTime:0.005000s ]
SQL: SELECT `id`,`title` FROM `ls_article` WHERE ( `cid` = 25 ) ORDER BY sort desc LIMIT 4   [ RunTime:0.001000s ]
SQL: SELECT `id`,`title` FROM `ls_article` WHERE ( `cid` = 26 ) ORDER BY sort desc LIMIT 4   [ RunTime:0.001000s ]
SQL: SELECT `id`,`title` FROM `ls_article` WHERE ( `cid` = 27 ) ORDER BY sort desc LIMIT 4   [ RunTime:0.001000s ]
SQL: SELECT `id`,`title` FROM `ls_article` WHERE ( `cid` = 28 ) ORDER BY sort desc LIMIT 4   [ RunTime:0.001000s ]
SQL: SELECT `id`,`title` FROM `ls_article` WHERE ( `cid` = 30 ) ORDER BY sort desc LIMIT 4   [ RunTime:0.001001s ]
SQL: SHOW COLUMNS FROM `ls_users` [ RunTime:0.025001s ]
SQL: SELECT * FROM `ls_users` WHERE ( `uid` = 19 ) LIMIT 1   [ RunTime:0.001000s ]
SQL: SHOW COLUMNS FROM `ls_cart` [ RunTime:0.005000s ]
SQL: SELECT COUNT(*) AS tp_count FROM `ls_cart` WHERE ( uid=19 ) LIMIT 1   [ RunTime:0.001001s ]
SQL: SHOW COLUMNS FROM `ls_yundan_baoguo` [ RunTime:0.006000s ]
SQL: SELECT * FROM `ls_yundan_baoguo` WHERE ( `uid` = 19 ) AND ( `status` <> 6 )  [ RunTime:0.001000s ]
SQL: SHOW COLUMNS FROM `ls_daigou` [ RunTime:0.006000s ]
SQL: SELECT * FROM `ls_daigou` WHERE ( `uid` = 19 ) AND ( `status` <> 6 )  [ RunTime:0.001001s ]
SQL: SHOW COLUMNS FROM `ls_msg` [ RunTime:0.006000s ]
SQL: SELECT * FROM `ls_msg` WHERE ( `type` = 'notice' ) AND ( `uid` = 0 )  [ RunTime:0.001000s ]
SQL: SHOW COLUMNS FROM `ls_record` [ RunTime:0.005000s ]
SQL: SELECT COUNT(*) AS tp_count FROM `ls_record` WHERE ( `uid` = 19 ) AND ( `leixing` = 8 ) LIMIT 1   [ RunTime:0.000000s ]
SQL: SELECT * FROM `ls_record` WHERE ( `uid` = 19 ) AND ( `leixing` = 8 ) ORDER BY id desc LIMIT 0,15   [ RunTime:0.001000s ]
INFO: [ view_parse ] --START--
INFO: [ template_filter ] --START--
INFO: Run Behavior\ContentReplaceBehavior [ RunTime:0.000000s ]
INFO: [ template_filter ] --END-- [ RunTime:0.001000s ]
NOTIC: [8] Use of undefined constant cwguan - assumed 'cwguan' E:\upupw\vhosts\shenzhou.com\Apps\Runtime\Cache\Home\b60d29a29f969e315dd48a9392ded355.php 第 114 行.
SQL: SHOW COLUMNS FROM `ls_usertype` [ RunTime:0.005000s ]
SQL: SELECT `name` FROM `ls_usertype` WHERE ( `minscore` <= '1765' ) AND ( `maxscore` >= '1765' ) LIMIT 1   [ RunTime:0.001000s ]
INFO: Run Behavior\ParseTemplateBehavior [ RunTime:0.122007s ]
INFO: [ view_parse ] --END-- [ RunTime:0.122007s ]
INFO: [ view_filter ] --START--
INFO: Run Behavior\WriteHtmlCacheBehavior [ RunTime:0.002000s ]
INFO: [ view_filter ] --END-- [ RunTime:0.002000s ]
INFO: [ app_end ] --START--
INFO: Run Behavior\ShowPageTraceBehavior [ RunTime:0.001000s ]
INFO: [ app_end ] --END-- [ RunTime:0.001000s ]

[ 2015-06-21T18:58:19+08:00 ] 127.0.0.1 /User/myscore.html
INFO: [ app_init ] --START--
INFO: Run Behavior\BuildLiteBehavior [ RunTime:0.000000s ]
INFO: [ app_init ] --END-- [ RunTime:0.001000s ]
NOTIC: [8] Undefined index: t E:\upupw\vhosts\shenzhou.com\Apps\Home\Conf\config.php 第 2 行.
SQL: SHOW COLUMNS FROM `ls_config` [ RunTime:0.005001s ]
SQL: SELECT `name`,`value` FROM `ls_config`  [ RunTime:0.001000s ]
SQL: SHOW COLUMNS FROM `ls_lang` [ RunTime:0.006000s ]
SQL: SELECT `type` FROM `ls_lang` WHERE ( status=1 )  [ RunTime:0.000000s ]
INFO: [ app_begin ] --START--
INFO: Run Behavior\ReadHtmlCacheBehavior [ RunTime:0.002000s ]
INFO: Run Behavior\CheckLangBehavior [ RunTime:0.003000s ]
INFO: [ app_begin ] --END-- [ RunTime:0.005000s ]
SQL: SELECT * FROM `ls_lang` WHERE ( status=1 )  [ RunTime:0.000000s ]
NOTIC: [8] Undefined index: l E:\upupw\vhosts\shenzhou.com\Apps\Home\Controller\UcommonController.class.php 第 10 行.
SQL: SHOW COLUMNS FROM `ls_category` [ RunTime:0.005001s ]
SQL: SELECT `id`,`title`,`lang`,`sort` FROM `ls_category` WHERE ( status=1 AND pid=0 AND lang="zh-CN" ) ORDER BY sort desc  [ RunTime:0.001000s ]
SQL: SELECT `id`,`title` FROM `ls_category` WHERE ( `status` = 0 ) AND ( `lang` = 'zh-CN' ) ORDER BY sort desc LIMIT 5   [ RunTime:0.000000s ]
SQL: SHOW COLUMNS FROM `ls_article` [ RunTime:0.005000s ]
SQL: SELECT `id`,`title` FROM `ls_article` WHERE ( `cid` = 25 ) ORDER BY sort desc LIMIT 4   [ RunTime:0.000000s ]
SQL: SELECT `id`,`title` FROM `ls_article` WHERE ( `cid` = 26 ) ORDER BY sort desc LIMIT 4   [ RunTime:0.001000s ]
SQL: SELECT `id`,`title` FROM `ls_article` WHERE ( `cid` = 27 ) ORDER BY sort desc LIMIT 4   [ RunTime:0.001000s ]
SQL: SELECT `id`,`title` FROM `ls_article` WHERE ( `cid` = 28 ) ORDER BY sort desc LIMIT 4   [ RunTime:0.000000s ]
SQL: SELECT `id`,`title` FROM `ls_article` WHERE ( `cid` = 30 ) ORDER BY sort desc LIMIT 4   [ RunTime:0.000000s ]
SQL: SHOW COLUMNS FROM `ls_users` [ RunTime:0.006001s ]
SQL: SELECT * FROM `ls_users` WHERE ( `uid` = 19 ) LIMIT 1   [ RunTime:0.001000s ]
SQL: SHOW COLUMNS FROM `ls_cart` [ RunTime:0.006000s ]
SQL: SELECT COUNT(*) AS tp_count FROM `ls_cart` WHERE ( uid=19 ) LIMIT 1   [ RunTime:0.001000s ]
SQL: SHOW COLUMNS FROM `ls_yundan_baoguo` [ RunTime:0.005001s ]
SQL: SELECT * FROM `ls_yundan_baoguo` WHERE ( `uid` = 19 ) AND ( `status` <> 6 )  [ RunTime:0.001000s ]
SQL: SHOW COLUMNS FROM `ls_daigou` [ RunTime:0.006000s ]
SQL: SELECT * FROM `ls_daigou` WHERE ( `uid` = 19 ) AND ( `status` <> 6 )  [ RunTime:0.000000s ]
SQL: SHOW COLUMNS FROM `ls_msg` [ RunTime:0.006000s ]
SQL: SELECT * FROM `ls_msg` WHERE ( `type` = 'notice' ) AND ( `uid` = 0 )  [ RunTime:0.001001s ]
SQL: SHOW COLUMNS FROM `ls_record` [ RunTime:0.005000s ]
SQL: SELECT COUNT(*) AS tp_count FROM `ls_record` WHERE ( `uid` = 19 ) AND ( `leixing` = 8 ) LIMIT 1   [ RunTime:0.001000s ]
SQL: SELECT * FROM `ls_record` WHERE ( `uid` = 19 ) AND ( `leixing` = 8 ) ORDER BY id desc LIMIT 0,15   [ RunTime:0.001000s ]
INFO: [ view_parse ] --START--
INFO: [ template_filter ] --START--
INFO: Run Behavior\ContentReplaceBehavior [ RunTime:0.000000s ]
INFO: [ template_filter ] --END-- [ RunTime:0.000000s ]
NOTIC: [8] Use of undefined constant cwguan - assumed 'cwguan' E:\upupw\vhosts\shenzhou.com\Apps\Runtime\Cache\Home\b60d29a29f969e315dd48a9392ded355.php 第 114 行.
SQL: SHOW COLUMNS FROM `ls_usertype` [ RunTime:0.007001s ]
SQL: SELECT `name` FROM `ls_usertype` WHERE ( `minscore` <= '1765' ) AND ( `maxscore` >= '1765' ) LIMIT 1   [ RunTime:0.001000s ]
INFO: Run Behavior\ParseTemplateBehavior [ RunTime:0.045003s ]
INFO: [ view_parse ] --END-- [ RunTime:0.045003s ]
INFO: [ view_filter ] --START--
INFO: Run Behavior\WriteHtmlCacheBehavior [ RunTime:0.001000s ]
INFO: [ view_filter ] --END-- [ RunTime:0.001000s ]
INFO: [ app_end ] --START--
INFO: Run Behavior\ShowPageTraceBehavior [ RunTime:0.001000s ]
INFO: [ app_end ] --END-- [ RunTime:0.001000s ]

[ 2015-06-21T18:58:22+08:00 ] 127.0.0.1 /Index/index.html
INFO: [ app_init ] --START--
INFO: Run Behavior\BuildLiteBehavior [ RunTime:0.000000s ]
INFO: [ app_init ] --END-- [ RunTime:0.001000s ]
NOTIC: [8] Undefined index: t E:\upupw\vhosts\shenzhou.com\Apps\Home\Conf\config.php 第 2 行.
SQL: SHOW COLUMNS FROM `ls_config` [ RunTime:0.005000s ]
SQL: SELECT `name`,`value` FROM `ls_config`  [ RunTime:0.000000s ]
SQL: SHOW COLUMNS FROM `ls_lang` [ RunTime:0.005001s ]
SQL: SELECT `type` FROM `ls_lang` WHERE ( status=1 )  [ RunTime:0.001000s ]
INFO: [ app_begin ] --START--
INFO: Run Behavior\ReadHtmlCacheBehavior [ RunTime:0.001000s ]
INFO: Run Behavior\CheckLangBehavior [ RunTime:0.003000s ]
INFO: [ app_begin ] --END-- [ RunTime:0.004000s ]
SQL: SELECT * FROM `ls_lang` WHERE ( status=1 )  [ RunTime:0.001000s ]
NOTIC: [8] Undefined index: l E:\upupw\vhosts\shenzhou.com\Apps\Home\Controller\CommonController.class.php 第 8 行.
SQL: SHOW COLUMNS FROM `ls_category` [ RunTime:0.006001s ]
SQL: SELECT `id`,`title`,`lang`,`sort` FROM `ls_category` WHERE ( status=1 AND pid=0 AND lang="zh-CN" ) ORDER BY sort desc  [ RunTime:0.001000s ]
SQL: SHOW COLUMNS FROM `ls_cart` [ RunTime:0.007000s ]
SQL: SELECT COUNT(*) AS tp_count FROM `ls_cart` WHERE ( uid=19 ) LIMIT 1   [ RunTime:0.001000s ]
SQL: SELECT `id`,`title` FROM `ls_category` WHERE ( `status` = 0 ) AND ( `lang` = 'zh-CN' ) ORDER BY sort desc LIMIT 5   [ RunTime:0.001000s ]
SQL: SHOW COLUMNS FROM `ls_article` [ RunTime:0.006001s ]
SQL: SELECT `id`,`title` FROM `ls_article` WHERE ( `cid` = 25 ) ORDER BY sort desc LIMIT 4   [ RunTime:0.001000s ]
SQL: SELECT `id`,`title` FROM `ls_article` WHERE ( `cid` = 26 ) ORDER BY sort desc LIMIT 4   [ RunTime:0.001000s ]
SQL: SELECT `id`,`title` FROM `ls_article` WHERE ( `cid` = 27 ) ORDER BY sort desc LIMIT 4   [ RunTime:0.001000s ]
SQL: SELECT `id`,`title` FROM `ls_article` WHERE ( `cid` = 28 ) ORDER BY sort desc LIMIT 4   [ RunTime:0.001000s ]
SQL: SELECT `id`,`title` FROM `ls_article` WHERE ( `cid` = 30 ) ORDER BY sort desc LIMIT 4   [ RunTime:0.000000s ]
SQL: SHOW COLUMNS FROM `ls_yundan_baoguo` [ RunTime:0.006000s ]
SQL: SELECT * FROM `ls_yundan_baoguo` WHERE ( `uid` = 19 ) AND ( `status` <> 6 )  [ RunTime:0.001000s ]
SQL: SHOW COLUMNS FROM `ls_daigou` [ RunTime:0.006001s ]
SQL: SELECT * FROM `ls_daigou` WHERE ( `uid` = 19 ) AND ( `status` <> 6 )  [ RunTime:0.001000s ]
SQL: SELECT COUNT(*) AS tp_count FROM `ls_cart` WHERE ( uid=19 ) LIMIT 1   [ RunTime:0.001000s ]
SQL: SHOW COLUMNS FROM `ls_state` [ RunTime:0.006000s ]
SQL: SELECT * FROM `ls_state`  [ RunTime:0.001000s ]
NOTIC: [8] Undefined index: l E:\upupw\vhosts\shenzhou.com\Apps\Home\Controller\IndexController.class.php 第 8 行.
SQL: SELECT * FROM `ls_article` WHERE ( cid=31 AND lang="zh-CN" ) ORDER BY id desc LIMIT 4   [ RunTime:0.000000s ]
SQL: SHOW COLUMNS FROM `ls_indexad` [ RunTime:0.005001s ]
SQL: SELECT * FROM `ls_indexad` WHERE ( status=1 ) ORDER BY sort desc  [ RunTime:0.000000s ]
SQL: SHOW COLUMNS FROM `ls_gjwu` [ RunTime:0.006000s ]
SQL: SELECT * FROM `ls_gjwu` WHERE ( status=1 ) ORDER BY sort desc LIMIT 1   [ RunTime:0.000000s ]
SQL: SHOW COLUMNS FROM `ls_pay` [ RunTime:0.005001s ]
SQL: SELECT * FROM `ls_pay` WHERE ( status=1 ) ORDER BY sort desc LIMIT 1   [ RunTime:0.000000s ]
SQL: SELECT * FROM `ls_cart` WHERE ( uid=19 )  [ RunTime:0.001000s ]
SQL: SHOW COLUMNS FROM `ls_yundan` [ RunTime:0.005000s ]
SQL: SELECT * FROM `ls_yundan` WHERE ( `uid` = 19 ) AND ( `status` = 5 )  [ RunTime:0.001000s ]
SQL: select * from ls_msg where uid='19' and reply is null [ RunTime:0.001000s ]
SQL: SELECT * FROM `ls_yundan` WHERE ( `uid` = 19 ) AND ( `status` = 1 )  [ RunTime:0.001000s ]
INFO: [ view_parse ] --START--
INFO: [ template_filter ] --START--
INFO: Run Behavior\ContentReplaceBehavior [ RunTime:0.000000s ]
INFO: [ template_filter ] --END-- [ RunTime:0.000000s ]
INFO: Run Behavior\ParseTemplateBehavior [ RunTime:0.044003s ]
INFO: [ view_parse ] --END-- [ RunTime:0.044003s ]
INFO: [ view_filter ] --START--
INFO: Run Behavior\WriteHtmlCacheBehavior [ RunTime:0.001000s ]
INFO: [ view_filter ] --END-- [ RunTime:0.001000s ]
INFO: [ app_end ] --START--
INFO: Run Behavior\ShowPageTraceBehavior [ RunTime:0.001000s ]
INFO: [ app_end ] --END-- [ RunTime:0.002000s ]

[ 2015-06-21T18:58:27+08:00 ] 127.0.0.1 /User/index.html
INFO: [ app_init ] --START--
INFO: Run Behavior\BuildLiteBehavior [ RunTime:0.000000s ]
INFO: [ app_init ] --END-- [ RunTime:0.001000s ]
NOTIC: [8] Undefined index: t E:\upupw\vhosts\shenzhou.com\Apps\Home\Conf\config.php 第 2 行.
SQL: SHOW COLUMNS FROM `ls_config` [ RunTime:0.005000s ]
SQL: SELECT `name`,`value` FROM `ls_config`  [ RunTime:0.000000s ]
SQL: SHOW COLUMNS FROM `ls_lang` [ RunTime:0.006001s ]
SQL: SELECT `type` FROM `ls_lang` WHERE ( status=1 )  [ RunTime:0.000000s ]
INFO: [ app_begin ] --START--
INFO: Run Behavior\ReadHtmlCacheBehavior [ RunTime:0.001000s ]
INFO: Run Behavior\CheckLangBehavior [ RunTime:0.003000s ]
INFO: [ app_begin ] --END-- [ RunTime:0.005000s ]
SQL: SELECT * FROM `ls_lang` WHERE ( status=1 )  [ RunTime:0.000000s ]
NOTIC: [8] Undefined index: l E:\upupw\vhosts\shenzhou.com\Apps\Home\Controller\UcommonController.class.php 第 10 行.
SQL: SHOW COLUMNS FROM `ls_category` [ RunTime:0.005001s ]
SQL: SELECT `id`,`title`,`lang`,`sort` FROM `ls_category` WHERE ( status=1 AND pid=0 AND lang="zh-CN" ) ORDER BY sort desc  [ RunTime:0.000000s ]
SQL: SELECT `id`,`title` FROM `ls_category` WHERE ( `status` = 0 ) AND ( `lang` = 'zh-CN' ) ORDER BY sort desc LIMIT 5   [ RunTime:0.001000s ]
SQL: SHOW COLUMNS FROM `ls_article` [ RunTime:0.006000s ]
SQL: SELECT `id`,`title` FROM `ls_article` WHERE ( `cid` = 25 ) ORDER BY sort desc LIMIT 4   [ RunTime:0.000000s ]
SQL: SELECT `id`,`title` FROM `ls_article` WHERE ( `cid` = 26 ) ORDER BY sort desc LIMIT 4   [ RunTime:0.000000s ]
SQL: SELECT `id`,`title` FROM `ls_article` WHERE ( `cid` = 27 ) ORDER BY sort desc LIMIT 4   [ RunTime:0.000000s ]
SQL: SELECT `id`,`title` FROM `ls_article` WHERE ( `cid` = 28 ) ORDER BY sort desc LIMIT 4   [ RunTime:0.001001s ]
SQL: SELECT `id`,`title` FROM `ls_article` WHERE ( `cid` = 30 ) ORDER BY sort desc LIMIT 4   [ RunTime:0.001000s ]
SQL: SHOW COLUMNS FROM `ls_users` [ RunTime:0.007000s ]
SQL: SELECT * FROM `ls_users` WHERE ( `uid` = 19 ) LIMIT 1   [ RunTime:0.001000s ]
SQL: SHOW COLUMNS FROM `ls_cart` [ RunTime:0.006000s ]
SQL: SELECT COUNT(*) AS tp_count FROM `ls_cart` WHERE ( uid=19 ) LIMIT 1   [ RunTime:0.000000s ]
SQL: SHOW COLUMNS FROM `ls_yundan_baoguo` [ RunTime:0.006000s ]
SQL: SELECT * FROM `ls_yundan_baoguo` WHERE ( `uid` = 19 ) AND ( `status` <> 6 )  [ RunTime:0.001000s ]
SQL: SHOW COLUMNS FROM `ls_daigou` [ RunTime:0.006000s ]
SQL: SELECT * FROM `ls_daigou` WHERE ( `uid` = 19 ) AND ( `status` <> 6 )  [ RunTime:0.000000s ]
SQL: SHOW COLUMNS FROM `ls_msg` [ RunTime:0.005001s ]
SQL: SELECT * FROM `ls_msg` WHERE ( `type` = 'notice' ) AND ( `uid` = 0 )  [ RunTime:0.000000s ]
SQL: SHOW COLUMNS FROM `ls_yundan` [ RunTime:0.006000s ]
SQL: SELECT * FROM `ls_yundan` WHERE ( uid=19 AND status=3 )  [ RunTime:0.000000s ]
SQL: SELECT * FROM `ls_daigou` WHERE ( uid=19 AND payed=0 )  [ RunTime:0.001000s ]
SQL: SELECT * FROM `ls_msg` WHERE ( `uid` = 19 ) AND ( `reply` = '' )  [ RunTime:0.000000s ]
INFO: [ view_parse ] --START--
INFO: [ template_filter ] --START--
INFO: Run Behavior\ContentReplaceBehavior [ RunTime:0.000000s ]
INFO: [ template_filter ] --END-- [ RunTime:0.000000s ]
NOTIC: [8] Use of undefined constant cwguan - assumed 'cwguan' E:\upupw\vhosts\shenzhou.com\Apps\Runtime\Cache\Home\ea18d68a1a9babc0127bd9e8cbe45d2f.php 第 114 行.
SQL: SHOW COLUMNS FROM `ls_usertype` [ RunTime:0.007000s ]
SQL: SELECT `name` FROM `ls_usertype` WHERE ( `minscore` <= '1765' ) AND ( `maxscore` >= '1765' ) LIMIT 1   [ RunTime:0.001000s ]
INFO: Run Behavior\ParseTemplateBehavior [ RunTime:0.050003s ]
INFO: [ view_parse ] --END-- [ RunTime:0.050003s ]
INFO: [ view_filter ] --START--
INFO: Run Behavior\WriteHtmlCacheBehavior [ RunTime:0.001000s ]
INFO: [ view_filter ] --END-- [ RunTime:0.001000s ]
INFO: [ app_end ] --START--
INFO: Run Behavior\ShowPageTraceBehavior [ RunTime:0.001000s ]
INFO: [ app_end ] --END-- [ RunTime:0.001000s ]

[ 2015-06-21T18:58:31+08:00 ] 127.0.0.1 /User/dingdanview/id/68.html
INFO: [ app_init ] --START--
INFO: Run Behavior\BuildLiteBehavior [ RunTime:0.000000s ]
INFO: [ app_init ] --END-- [ RunTime:0.001000s ]
NOTIC: [8] Undefined index: t E:\upupw\vhosts\shenzhou.com\Apps\Home\Conf\config.php 第 2 行.
SQL: SHOW COLUMNS FROM `ls_config` [ RunTime:0.005000s ]
SQL: SELECT `name`,`value` FROM `ls_config`  [ RunTime:0.001000s ]
SQL: SHOW COLUMNS FROM `ls_lang` [ RunTime:0.006001s ]
SQL: SELECT `type` FROM `ls_lang` WHERE ( status=1 )  [ RunTime:0.001000s ]
INFO: [ app_begin ] --START--
INFO: Run Behavior\ReadHtmlCacheBehavior [ RunTime:0.001000s ]
INFO: Run Behavior\CheckLangBehavior [ RunTime:0.003000s ]
INFO: [ app_begin ] --END-- [ RunTime:0.005000s ]
SQL: SELECT * FROM `ls_lang` WHERE ( status=1 )  [ RunTime:0.001001s ]
NOTIC: [8] Undefined index: l E:\upupw\vhosts\shenzhou.com\Apps\Home\Controller\UcommonController.class.php 第 10 行.
SQL: SHOW COLUMNS FROM `ls_category` [ RunTime:0.005000s ]
SQL: SELECT `id`,`title`,`lang`,`sort` FROM `ls_category` WHERE ( status=1 AND pid=0 AND lang="zh-CN" ) ORDER BY sort desc  [ RunTime:0.000000s ]
SQL: SELECT `id`,`title` FROM `ls_category` WHERE ( `status` = 0 ) AND ( `lang` = 'zh-CN' ) ORDER BY sort desc LIMIT 5   [ RunTime:0.001000s ]
SQL: SHOW COLUMNS FROM `ls_article` [ RunTime:0.006000s ]
SQL: SELECT `id`,`title` FROM `ls_article` WHERE ( `cid` = 25 ) ORDER BY sort desc LIMIT 4   [ RunTime:0.001000s ]
SQL: SELECT `id`,`title` FROM `ls_article` WHERE ( `cid` = 26 ) ORDER BY sort desc LIMIT 4   [ RunTime:0.000000s ]
SQL: SELECT `id`,`title` FROM `ls_article` WHERE ( `cid` = 27 ) ORDER BY sort desc LIMIT 4   [ RunTime:0.001001s ]
SQL: SELECT `id`,`title` FROM `ls_article` WHERE ( `cid` = 28 ) ORDER BY sort desc LIMIT 4   [ RunTime:0.001000s ]
SQL: SELECT `id`,`title` FROM `ls_article` WHERE ( `cid` = 30 ) ORDER BY sort desc LIMIT 4   [ RunTime:0.001000s ]
SQL: SHOW COLUMNS FROM `ls_users` [ RunTime:0.006000s ]
SQL: SELECT * FROM `ls_users` WHERE ( `uid` = 19 ) LIMIT 1   [ RunTime:0.001000s ]
SQL: SHOW COLUMNS FROM `ls_cart` [ RunTime:0.006000s ]
SQL: SELECT COUNT(*) AS tp_count FROM `ls_cart` WHERE ( uid=19 ) LIMIT 1   [ RunTime:0.001001s ]
SQL: SHOW COLUMNS FROM `ls_yundan_baoguo` [ RunTime:0.005000s ]
SQL: SELECT * FROM `ls_yundan_baoguo` WHERE ( `uid` = 19 ) AND ( `status` <> 6 )  [ RunTime:0.001000s ]
SQL: SHOW COLUMNS FROM `ls_daigou` [ RunTime:0.006000s ]
SQL: SELECT * FROM `ls_daigou` WHERE ( `uid` = 19 ) AND ( `status` <> 6 )  [ RunTime:0.001000s ]
SQL: SHOW COLUMNS FROM `ls_msg` [ RunTime:0.006001s ]
SQL: SELECT * FROM `ls_msg` WHERE ( `type` = 'notice' ) AND ( `uid` = 0 )  [ RunTime:0.001000s ]
SQL: SHOW COLUMNS FROM `ls_yundan` [ RunTime:0.006000s ]
SQL: SELECT * FROM `ls_yundan` WHERE ( id=68 AND uid=19 ) LIMIT 1   [ RunTime:0.001000s ]
SQL: SHOW COLUMNS FROM `ls_delivery` [ RunTime:0.006001s ]
SQL: SELECT * FROM `ls_delivery` WHERE ( `id` = 5 ) LIMIT 1   [ RunTime:0.001000s ]
SQL: SELECT * FROM `ls_yundan_baoguo` WHERE ( ydid=68 )  [ RunTime:0.001000s ]
SQL: SHOW COLUMNS FROM `ls_yubao` [ RunTime:0.006000s ]
SQL: SELECT * FROM `ls_yubao` WHERE ( ydid=68 )  [ RunTime:0.001000s ]
NOTIC: [8] Undefined variable: shenbao E:\upupw\vhosts\shenzhou.com\Apps\Home\Controller\UserController.class.php 第 438 行.
INFO: [ view_parse ] --START--
INFO: [ template_filter ] --START--
INFO: Run Behavior\ContentReplaceBehavior [ RunTime:0.000000s ]
INFO: [ template_filter ] --END-- [ RunTime:0.000000s ]
NOTIC: [8] Use of undefined constant cwguan - assumed 'cwguan' E:\upupw\vhosts\shenzhou.com\Apps\Runtime\Cache\Home\76f099e916e2d7ba4b785d1ecfc4e6d4.php 第 114 行.
NOTIC: [8] Undefined variable: baomoney E:\upupw\vhosts\shenzhou.com\Apps\Runtime\Cache\Home\76f099e916e2d7ba4b785d1ecfc4e6d4.php 第 231 行.
INFO: Run Behavior\ParseTemplateBehavior [ RunTime:0.105006s ]
INFO: [ view_parse ] --END-- [ RunTime:0.106006s ]
INFO: [ view_filter ] --START--
INFO: Run Behavior\WriteHtmlCacheBehavior [ RunTime:0.001000s ]
INFO: [ view_filter ] --END-- [ RunTime:0.001000s ]
INFO: [ app_end ] --START--
INFO: Run Behavior\ShowPageTraceBehavior [ RunTime:0.002000s ]
INFO: [ app_end ] --END-- [ RunTime:0.002000s ]

[ 2015-06-21T18:58:34+08:00 ] 127.0.0.1 /User/paydingdan/id/68.html
INFO: [ app_init ] --START--
INFO: Run Behavior\BuildLiteBehavior [ RunTime:0.000000s ]
INFO: [ app_init ] --END-- [ RunTime:0.001000s ]
NOTIC: [8] Undefined index: t E:\upupw\vhosts\shenzhou.com\Apps\Home\Conf\config.php 第 2 行.
SQL: SHOW COLUMNS FROM `ls_config` [ RunTime:0.007001s ]
SQL: SELECT `name`,`value` FROM `ls_config`  [ RunTime:0.001000s ]
SQL: SHOW COLUMNS FROM `ls_lang` [ RunTime:0.006000s ]
SQL: SELECT `type` FROM `ls_lang` WHERE ( status=1 )  [ RunTime:0.001000s ]
INFO: [ app_begin ] --START--
INFO: Run Behavior\ReadHtmlCacheBehavior [ RunTime:0.002000s ]
INFO: Run Behavior\CheckLangBehavior [ RunTime:0.003000s ]
INFO: [ app_begin ] --END-- [ RunTime:0.005000s ]
SQL: SELECT * FROM `ls_lang` WHERE ( status=1 )  [ RunTime:0.001000s ]
NOTIC: [8] Undefined index: l E:\upupw\vhosts\shenzhou.com\Apps\Home\Controller\UcommonController.class.php 第 10 行.
SQL: SHOW COLUMNS FROM `ls_category` [ RunTime:0.006000s ]
SQL: SELECT `id`,`title`,`lang`,`sort` FROM `ls_category` WHERE ( status=1 AND pid=0 AND lang="zh-CN" ) ORDER BY sort desc  [ RunTime:0.001000s ]
SQL: SELECT `id`,`title` FROM `ls_category` WHERE ( `status` = 0 ) AND ( `lang` = 'zh-CN' ) ORDER BY sort desc LIMIT 5   [ RunTime:0.000000s ]
SQL: SHOW COLUMNS FROM `ls_article` [ RunTime:0.006001s ]
SQL: SELECT `id`,`title` FROM `ls_article` WHERE ( `cid` = 25 ) ORDER BY sort desc LIMIT 4   [ RunTime:0.000000s ]
SQL: SELECT `id`,`title` FROM `ls_article` WHERE ( `cid` = 26 ) ORDER BY sort desc LIMIT 4   [ RunTime:0.001000s ]
SQL: SELECT `id`,`title` FROM `ls_article` WHERE ( `cid` = 27 ) ORDER BY sort desc LIMIT 4   [ RunTime:0.001000s ]
SQL: SELECT `id`,`title` FROM `ls_article` WHERE ( `cid` = 28 ) ORDER BY sort desc LIMIT 4   [ RunTime:0.001000s ]
SQL: SELECT `id`,`title` FROM `ls_article` WHERE ( `cid` = 30 ) ORDER BY sort desc LIMIT 4   [ RunTime:0.001000s ]
SQL: SHOW COLUMNS FROM `ls_users` [ RunTime:0.006000s ]
SQL: SELECT * FROM `ls_users` WHERE ( `uid` = 19 ) LIMIT 1   [ RunTime:0.001000s ]
SQL: SHOW COLUMNS FROM `ls_cart` [ RunTime:0.006001s ]
SQL: SELECT COUNT(*) AS tp_count FROM `ls_cart` WHERE ( uid=19 ) LIMIT 1   [ RunTime:0.000000s ]
SQL: SHOW COLUMNS FROM `ls_yundan_baoguo` [ RunTime:0.006000s ]
SQL: SELECT * FROM `ls_yundan_baoguo` WHERE ( `uid` = 19 ) AND ( `status` <> 6 )  [ RunTime:0.001000s ]
SQL: SHOW COLUMNS FROM `ls_daigou` [ RunTime:0.007001s ]
SQL: SELECT * FROM `ls_daigou` WHERE ( `uid` = 19 ) AND ( `status` <> 6 )  [ RunTime:0.001000s ]
SQL: SHOW COLUMNS FROM `ls_msg` [ RunTime:0.006000s ]
SQL: SELECT * FROM `ls_msg` WHERE ( `type` = 'notice' ) AND ( `uid` = 0 )  [ RunTime:0.000000s ]
SQL: SHOW COLUMNS FROM `ls_yundan` [ RunTime:0.006001s ]
SQL: SELECT * FROM `ls_yundan` WHERE ( id=68 AND uid=19 ) LIMIT 1   [ RunTime:0.000000s ]
SQL: SHOW COLUMNS FROM `ls_users` [ RunTime:0.007000s ]
SQL: SELECT * FROM `ls_yundan_baoguo` WHERE ( ydid=68 )  [ RunTime:0.001000s ]
SQL: SELECT `money` FROM `ls_users` WHERE ( uid=19 ) LIMIT 1   [ RunTime:0.000000s ]
SQL: SELECT `xinyong` FROM `ls_users` WHERE ( uid=19 ) LIMIT 1   [ RunTime:0.000000s ]
SQL: SELECT `ziliao` FROM `ls_users` WHERE ( uid=19 ) LIMIT 1   [ RunTime:0.000000s ]
INFO: [ view_parse ] --START--
INFO: [ template_filter ] --START--
INFO: Run Behavior\ContentReplaceBehavior [ RunTime:0.000000s ]
INFO: [ template_filter ] --END-- [ RunTime:0.000000s ]
NOTIC: [8] Use of undefined constant cwguan - assumed 'cwguan' E:\upupw\vhosts\shenzhou.com\Apps\Runtime\Cache\Home\2b32b73c2ec7854f12ec4a8042d01cca.php 第 114 行.
NOTIC: [8] Undefined variable: baomoney E:\upupw\vhosts\shenzhou.com\Apps\Runtime\Cache\Home\2b32b73c2ec7854f12ec4a8042d01cca.php 第 199 行.
INFO: Run Behavior\ParseTemplateBehavior [ RunTime:0.048002s ]
INFO: [ view_parse ] --END-- [ RunTime:0.048002s ]
INFO: [ view_filter ] --START--
INFO: Run Behavior\WriteHtmlCacheBehavior [ RunTime:0.002000s ]
INFO: [ view_filter ] --END-- [ RunTime:0.002000s ]
INFO: [ app_end ] --START--
INFO: Run Behavior\ShowPageTraceBehavior [ RunTime:0.002000s ]
INFO: [ app_end ] --END-- [ RunTime:0.002000s ]

[ 2015-06-21T18:58:40+08:00 ] 127.0.0.1 /Pay/paypal3.html?price=260.00&oid=35,
INFO: [ app_init ] --START--
INFO: Run Behavior\BuildLiteBehavior [ RunTime:0.000000s ]
INFO: [ app_init ] --END-- [ RunTime:0.001000s ]
NOTIC: [8] Undefined index: t E:\upupw\vhosts\shenzhou.com\Apps\Home\Conf\config.php 第 2 行.
SQL: SHOW COLUMNS FROM `ls_config` [ RunTime:0.005001s ]
SQL: SELECT `name`,`value` FROM `ls_config`  [ RunTime:0.001000s ]
SQL: SHOW COLUMNS FROM `ls_lang` [ RunTime:0.006000s ]
SQL: SELECT `type` FROM `ls_lang` WHERE ( status=1 )  [ RunTime:0.000000s ]
INFO: [ app_begin ] --START--
INFO: Run Behavior\ReadHtmlCacheBehavior [ RunTime:0.003000s ]
INFO: Run Behavior\CheckLangBehavior [ RunTime:0.004001s ]
INFO: [ app_begin ] --END-- [ RunTime:0.007001s ]
NOTIC: [8] Undefined variable: orderid E:\upupw\vhosts\shenzhou.com\Apps\Home\Controller\PayController.class.php 第 230 行.
NOTIC: [8] Undefined variable: orderid E:\upupw\vhosts\shenzhou.com\Apps\Home\Controller\PayController.class.php 第 246 行.

[ 2015-06-21T18:59:23+08:00 ] 127.0.0.1 /
INFO: [ app_init ] --START--
INFO: Run Behavior\BuildLiteBehavior [ RunTime:0.000000s ]
INFO: [ app_init ] --END-- [ RunTime:0.001000s ]
SQL: SHOW COLUMNS FROM `ls_config` [ RunTime:0.006000s ]
SQL: SELECT `name`,`value` FROM `ls_config`  [ RunTime:0.000000s ]
INFO: [ app_begin ] --START--
INFO: Run Behavior\ReadHtmlCacheBehavior [ RunTime:0.001000s ]
INFO: [ app_begin ] --END-- [ RunTime:0.001000s ]

[ 2015-06-21T18:59:23+08:00 ] 127.0.0.1 /Public/login.html
INFO: [ app_init ] --START--
INFO: Run Behavior\BuildLiteBehavior [ RunTime:0.000000s ]
INFO: [ app_init ] --END-- [ RunTime:0.001000s ]
SQL: SHOW COLUMNS FROM `ls_config` [ RunTime:0.005000s ]
SQL: SELECT `name`,`value` FROM `ls_config`  [ RunTime:0.001000s ]
INFO: [ app_begin ] --START--
INFO: Run Behavior\ReadHtmlCacheBehavior [ RunTime:0.001000s ]
INFO: [ app_begin ] --END-- [ RunTime:0.002000s ]
INFO: [ view_parse ] --START--
INFO: [ template_filter ] --START--
INFO: Run Behavior\ContentReplaceBehavior [ RunTime:0.000000s ]
INFO: [ template_filter ] --END-- [ RunTime:0.001000s ]
INFO: Run Behavior\ParseTemplateBehavior [ RunTime:0.026002s ]
INFO: [ view_parse ] --END-- [ RunTime:0.026002s ]
INFO: [ view_filter ] --START--
INFO: Run Behavior\WriteHtmlCacheBehavior [ RunTime:0.001000s ]
INFO: [ view_filter ] --END-- [ RunTime:0.001000s ]
INFO: [ app_end ] --START--
INFO: Run Behavior\ShowPageTraceBehavior [ RunTime:0.002000s ]
INFO: [ app_end ] --END-- [ RunTime:0.002000s ]

[ 2015-06-21T18:59:24+08:00 ] 127.0.0.1 /Public/verify.html
INFO: [ app_init ] --START--
INFO: Run Behavior\BuildLiteBehavior [ RunTime:0.000000s ]
INFO: [ app_init ] --END-- [ RunTime:0.001000s ]
SQL: SHOW COLUMNS FROM `ls_config` [ RunTime:0.005001s ]
SQL: SELECT `name`,`value` FROM `ls_config`  [ RunTime:0.001000s ]
INFO: [ app_begin ] --START--
INFO: Run Behavior\ReadHtmlCacheBehavior [ RunTime:0.001000s ]
INFO: [ app_begin ] --END-- [ RunTime:0.002000s ]
INFO: [ app_end ] --START--
INFO: Run Behavior\ShowPageTraceBehavior [ RunTime:0.001000s ]
INFO: [ app_end ] --END-- [ RunTime:0.002000s ]

[ 2015-06-21T18:59:35+08:00 ] 127.0.0.1 /Public/checklogin.html
INFO: [ app_init ] --START--
INFO: Run Behavior\BuildLiteBehavior [ RunTime:0.000000s ]
INFO: [ app_init ] --END-- [ RunTime:0.001000s ]
SQL: SHOW COLUMNS FROM `ls_config` [ RunTime:0.006000s ]
SQL: SELECT `name`,`value` FROM `ls_config`  [ RunTime:0.002000s ]
INFO: [ app_begin ] --START--
INFO: Run Behavior\ReadHtmlCacheBehavior [ RunTime:0.002001s ]
INFO: [ app_begin ] --END-- [ RunTime:0.002001s ]
SQL: SHOW COLUMNS FROM `ls_member` [ RunTime:0.006000s ]
SQL: SELECT `uid`,`username`,`password`,`nickname`,`touxiang`,`email`,`isadmin`,`mobile`,`sex`,`birthday`,`qq`,`score`,`login`,`reg_ip`,`reg_time`,`last_login_ip`,`last_login_time`,`update_time`,`status`,`jianjie`,`yaoqingma` FROM `ls_member` WHERE ( `username` = 'admin' ) LIMIT 1   [ RunTime:0.001000s ]
SQL: UPDATE `ls_member` SET `login`=`login`+1,`last_login_time`=1434884375,`last_login_ip`='2130706433' WHERE ( `uid` = 1 ) [ RunTime:0.001000s ]
SQL: SHOW COLUMNS FROM `ls_cart` [ RunTime:0.005000s ]
SQL: DELETE FROM `ls_cart` WHERE ( `uid` = 0 ) AND ( `addtime` < 1434625175 ) [ RunTime:0.001000s ]

[ 2015-06-21T18:59:35+08:00 ] 127.0.0.1 /Index/index.html
INFO: [ app_init ] --START--
INFO: Run Behavior\BuildLiteBehavior [ RunTime:0.000000s ]
INFO: [ app_init ] --END-- [ RunTime:0.002000s ]
SQL: SHOW COLUMNS FROM `ls_config` [ RunTime:0.009001s ]
SQL: SELECT `name`,`value` FROM `ls_config`  [ RunTime:0.001000s ]
INFO: [ app_begin ] --START--
INFO: Run Behavior\ReadHtmlCacheBehavior [ RunTime:0.002000s ]
INFO: [ app_begin ] --END-- [ RunTime:0.002000s ]
SQL: SHOW COLUMNS FROM `ls_sidenav` [ RunTime:0.007001s ]
SQL: SELECT * FROM `ls_sidenav` WHERE ( `pid` = 0 ) AND ( `status` = 1 ) ORDER BY sort  [ RunTime:0.018001s ]
SQL: SELECT * FROM `ls_sidenav` WHERE ( pid=1 AND status=1 ) ORDER BY sort  [ RunTime:0.001000s ]
NOTIC: [2] Invalid argument supplied for foreach() E:\upupw\vhosts\shenzhou.com\Apps\Admin\Controller\AdminController.class.php 第 0 行.
SQL: SELECT * FROM `ls_sidenav` WHERE ( pid=51 AND status=1 ) ORDER BY sort  [ RunTime:0.000000s ]
SQL: SELECT * FROM `ls_sidenav` WHERE ( pid=138 AND status=1 ) ORDER BY sort  [ RunTime:0.001000s ]
SQL: SELECT * FROM `ls_sidenav` WHERE ( pid=55 AND status=1 ) ORDER BY sort  [ RunTime:0.001000s ]
SQL: SELECT * FROM `ls_sidenav` WHERE ( pid=6 AND status=1 ) ORDER BY sort  [ RunTime:0.001000s ]
SQL: SELECT * FROM `ls_sidenav` WHERE ( pid=67 AND status=1 ) ORDER BY sort  [ RunTime:0.001000s ]
SQL: SELECT * FROM `ls_sidenav` WHERE ( pid=5 AND status=1 ) ORDER BY sort  [ RunTime:0.001000s ]
SQL: SELECT * FROM `ls_sidenav` WHERE ( pid=39 AND status=1 ) ORDER BY sort  [ RunTime:0.001000s ]
SQL: SELECT * FROM `ls_sidenav` WHERE ( pid=70 AND status=1 ) ORDER BY sort  [ RunTime:0.001000s ]
SQL: SELECT * FROM `ls_sidenav` WHERE ( pid=2 AND status=1 ) ORDER BY sort  [ RunTime:0.001000s ]
SQL: SHOW COLUMNS FROM `ls_msg` [ RunTime:0.006000s ]
SQL: SELECT COUNT(*) AS tp_count FROM `ls_msg` WHERE ( hasview=0 AND type="liuyan" ) LIMIT 1   [ RunTime:0.001000s ]
SQL: SELECT * FROM `ls_msg` WHERE ( hasview=0  AND type="liuyan" ) ORDER BY id desc LIMIT 3   [ RunTime:0.000000s ]
SQL: SHOW COLUMNS FROM `ls_users` [ RunTime:0.006001s ]
SQL: SELECT `uid`,`username`,`nickname`,`touxiang`,`sex`,`email`,`score` FROM `ls_users` WHERE ( uid=42 AND status=1 ) LIMIT 1   [ RunTime:0.001000s ]
SQL: SHOW COLUMNS FROM `ls_yundan` [ RunTime:0.007000s ]
SQL: SELECT COUNT(*) AS tp_count FROM `ls_yundan` WHERE ( status=1 ) LIMIT 1   [ RunTime:0.001000s ]
SQL: SHOW COLUMNS FROM `ls_huikuan` [ RunTime:0.006001s ]
SQL: SELECT COUNT(*) AS tp_count FROM `ls_huikuan` WHERE ( status=0 ) LIMIT 1   [ RunTime:0.003000s ]
INFO: [ view_parse ] --START--
INFO: [ template_filter ] --START--
INFO: Run Behavior\ContentReplaceBehavior [ RunTime:0.001000s ]
INFO: [ template_filter ] --END-- [ RunTime:0.001000s ]
NOTIC: [8] Undefined index: isopen E:\upupw\vhosts\shenzhou.com\Apps\Runtime\Cache\Admin\8b4a9b7f01439d623ceaac2bcffd28ca.php 第 350 行.
NOTIC: [8] Undefined index: isopen E:\upupw\vhosts\shenzhou.com\Apps\Runtime\Cache\Admin\8b4a9b7f01439d623ceaac2bcffd28ca.php 第 350 行.
NOTIC: [8] Undefined index: isactive E:\upupw\vhosts\shenzhou.com\Apps\Runtime\Cache\Admin\8b4a9b7f01439d623ceaac2bcffd28ca.php 第 350 行.
NOTIC: [8] Undefined index: isopen E:\upupw\vhosts\shenzhou.com\Apps\Runtime\Cache\Admin\8b4a9b7f01439d623ceaac2bcffd28ca.php 第 357 行.
NOTIC: [8] Undefined index: isactive E:\upupw\vhosts\shenzhou.com\Apps\Runtime\Cache\Admin\8b4a9b7f01439d623ceaac2bcffd28ca.php 第 358 行.
NOTIC: [8] Undefined index: isactive E:\upupw\vhosts\shenzhou.com\Apps\Runtime\Cache\Admin\8b4a9b7f01439d623ceaac2bcffd28ca.php 第 358 行.
NOTIC: [8] Undefined index: isactive E:\upupw\vhosts\shenzhou.com\Apps\Runtime\Cache\Admin\8b4a9b7f01439d623ceaac2bcffd28ca.php 第 358 行.
NOTIC: [8] Undefined index: isopen E:\upupw\vhosts\shenzhou.com\Apps\Runtime\Cache\Admin\8b4a9b7f01439d623ceaac2bcffd28ca.php 第 350 行.
NOTIC: [8] Undefined index: isactive E:\upupw\vhosts\shenzhou.com\Apps\Runtime\Cache\Admin\8b4a9b7f01439d623ceaac2bcffd28ca.php 第 350 行.
NOTIC: [8] Undefined index: isopen E:\upupw\vhosts\shenzhou.com\Apps\Runtime\Cache\Admin\8b4a9b7f01439d623ceaac2bcffd28ca.php 第 357 行.
NOTIC: [8] Undefined index: isactive E:\upupw\vhosts\shenzhou.com\Apps\Runtime\Cache\Admin\8b4a9b7f01439d623ceaac2bcffd28ca.php 第 358 行.
NOTIC: [8] Undefined index: isactive E:\upupw\vhosts\shenzhou.com\Apps\Runtime\Cache\Admin\8b4a9b7f01439d623ceaac2bcffd28ca.php 第 358 行.
NOTIC: [8] Undefined index: isopen E:\upupw\vhosts\shenzhou.com\Apps\Runtime\Cache\Admin\8b4a9b7f01439d623ceaac2bcffd28ca.php 第 350 行.
NOTIC: [8] Undefined index: isactive E:\upupw\vhosts\shenzhou.com\Apps\Runtime\Cache\Admin\8b4a9b7f01439d623ceaac2bcffd28ca.php 第 350 行.
NOTIC: [8] Undefined index: isopen E:\upupw\vhosts\shenzhou.com\Apps\Runtime\Cache\Admin\8b4a9b7f01439d623ceaac2bcffd28ca.php 第 357 行.
NOTIC: [8] Undefined index: isactive E:\upupw\vhosts\shenzhou.com\Apps\Runtime\Cache\Admin\8b4a9b7f01439d623ceaac2bcffd28ca.php 第 358 行.
NOTIC: [8] Undefined index: isactive E:\upupw\vhosts\shenzhou.com\Apps\Runtime\Cache\Admin\8b4a9b7f01439d623ceaac2bcffd28ca.php 第 358 行.
NOTIC: [8] Undefined index: isopen E:\upupw\vhosts\shenzhou.com\Apps\Runtime\Cache\Admin\8b4a9b7f01439d623ceaac2bcffd28ca.php 第 350 行.
NOTIC: [8] Undefined index: isactive E:\upupw\vhosts\shenzhou.com\Apps\Runtime\Cache\Admin\8b4a9b7f01439d623ceaac2bcffd28ca.php 第 350 行.
NOTIC: [8] Undefined index: isopen E:\upupw\vhosts\shenzhou.com\Apps\Runtime\Cache\Admin\8b4a9b7f01439d623ceaac2bcffd28ca.php 第 357 行.
NOTIC: [8] Undefined index: isactive E:\upupw\vhosts\shenzhou.com\Apps\Runtime\Cache\Admin\8b4a9b7f01439d623ceaac2bcffd28ca.php 第 358 行.
NOTIC: [8] Undefined index: isactive E:\upupw\vhosts\shenzhou.com\Apps\Runtime\Cache\Admin\8b4a9b7f01439d623ceaac2bcffd28ca.php 第 358 行.
NOTIC: [8] Undefined index: isactive E:\upupw\vhosts\shenzhou.com\Apps\Runtime\Cache\Admin\8b4a9b7f01439d623ceaac2bcffd28ca.php 第 358 行.
NOTIC: [8] Undefined index: isactive E:\upupw\vhosts\shenzhou.com\Apps\Runtime\Cache\Admin\8b4a9b7f01439d623ceaac2bcffd28ca.php 第 358 行.
NOTIC: [8] Undefined index: isopen E:\upupw\vhosts\shenzhou.com\Apps\Runtime\Cache\Admin\8b4a9b7f01439d623ceaac2bcffd28ca.php 第 350 行.
NOTIC: [8] Undefined index: isactive E:\upupw\vhosts\shenzhou.com\Apps\Runtime\Cache\Admin\8b4a9b7f01439d623ceaac2bcffd28ca.php 第 350 行.
NOTIC: [8] Undefined index: isopen E:\upupw\vhosts\shenzhou.com\Apps\Runtime\Cache\Admin\8b4a9b7f01439d623ceaac2bcffd28ca.php 第 357 行.
NOTIC: [8] Undefined index: isactive E:\upupw\vhosts\shenzhou.com\Apps\Runtime\Cache\Admin\8b4a9b7f01439d623ceaac2bcffd28ca.php 第 358 行.
NOTIC: [8] Undefined index: isactive E:\upupw\vhosts\shenzhou.com\Apps\Runtime\Cache\Admin\8b4a9b7f01439d623ceaac2bcffd28ca.php 第 358 行.
NOTIC: [8] Undefined index: isactive E:\upupw\vhosts\shenzhou.com\Apps\Runtime\Cache\Admin\8b4a9b7f01439d623ceaac2bcffd28ca.php 第 358 行.
NOTIC: [8] Undefined index: isactive E:\upupw\vhosts\shenzhou.com\Apps\Runtime\Cache\Admin\8b4a9b7f01439d623ceaac2bcffd28ca.php 第 358 行.
NOTIC: [8] Undefined index: isopen E:\upupw\vhosts\shenzhou.com\Apps\Runtime\Cache\Admin\8b4a9b7f01439d623ceaac2bcffd28ca.php 第 350 行.
NOTIC: [8] Undefined index: isactive E:\upupw\vhosts\shenzhou.com\Apps\Runtime\Cache\Admin\8b4a9b7f01439d623ceaac2bcffd28ca.php 第 350 行.
NOTIC: [8] Undefined index: isopen E:\upupw\vhosts\shenzhou.com\Apps\Runtime\Cache\Admin\8b4a9b7f01439d623ceaac2bcffd28ca.php 第 357 行.
NOTIC: [8] Undefined index: isactive E:\upupw\vhosts\shenzhou.com\Apps\Runtime\Cache\Admin\8b4a9b7f01439d623ceaac2bcffd28ca.php 第 358 行.
NOTIC: [8] Undefined index: isactive E:\upupw\vhosts\shenzhou.com\Apps\Runtime\Cache\Admin\8b4a9b7f01439d623ceaac2bcffd28ca.php 第 358 行.
NOTIC: [8] Undefined index: isopen E:\upupw\vhosts\shenzhou.com\Apps\Runtime\Cache\Admin\8b4a9b7f01439d623ceaac2bcffd28ca.php 第 350 行.
NOTIC: [8] Undefined index: isactive E:\upupw\vhosts\shenzhou.com\Apps\Runtime\Cache\Admin\8b4a9b7f01439d623ceaac2bcffd28ca.php 第 350 行.
NOTIC: [8] Undefined index: isopen E:\upupw\vhosts\shenzhou.com\Apps\Runtime\Cache\Admin\8b4a9b7f01439d623ceaac2bcffd28ca.php 第 357 行.
NOTIC: [8] Undefined index: isactive E:\upupw\vhosts\shenzhou.com\Apps\Runtime\Cache\Admin\8b4a9b7f01439d623ceaac2bcffd28ca.php 第 358 行.
NOTIC: [8] Undefined index: isactive E:\upupw\vhosts\shenzhou.com\Apps\Runtime\Cache\Admin\8b4a9b7f01439d623ceaac2bcffd28ca.php 第 358 行.
NOTIC: [8] Undefined index: isactive E:\upupw\vhosts\shenzhou.com\Apps\Runtime\Cache\Admin\8b4a9b7f01439d623ceaac2bcffd28ca.php 第 358 行.
NOTIC: [8] Undefined index: isactive E:\upupw\vhosts\shenzhou.com\Apps\Runtime\Cache\Admin\8b4a9b7f01439d623ceaac2bcffd28ca.php 第 358 行.
NOTIC: [8] Undefined index: isactive E:\upupw\vhosts\shenzhou.com\Apps\Runtime\Cache\Admin\8b4a9b7f01439d623ceaac2bcffd28ca.php 第 358 行.
NOTIC: [8] Undefined index: isactive E:\upupw\vhosts\shenzhou.com\Apps\Runtime\Cache\Admin\8b4a9b7f01439d623ceaac2bcffd28ca.php 第 358 行.
NOTIC: [8] Undefined index: isopen E:\upupw\vhosts\shenzhou.com\Apps\Runtime\Cache\Admin\8b4a9b7f01439d623ceaac2bcffd28ca.php 第 350 行.
NOTIC: [8] Undefined index: isactive E:\upupw\vhosts\shenzhou.com\Apps\Runtime\Cache\Admin\8b4a9b7f01439d623ceaac2bcffd28ca.php 第 350 行.
NOTIC: [8] Undefined index: isopen E:\upupw\vhosts\shenzhou.com\Apps\Runtime\Cache\Admin\8b4a9b7f01439d623ceaac2bcffd28ca.php 第 357 行.
NOTIC: [8] Undefined index: isactive E:\upupw\vhosts\shenzhou.com\Apps\Runtime\Cache\Admin\8b4a9b7f01439d623ceaac2bcffd28ca.php 第 358 行.
NOTIC: [8] Undefined index: isactive E:\upupw\vhosts\shenzhou.com\Apps\Runtime\Cache\Admin\8b4a9b7f01439d623ceaac2bcffd28ca.php 第 358 行.
NOTIC: [8] Undefined index: isactive E:\upupw\vhosts\shenzhou.com\Apps\Runtime\Cache\Admin\8b4a9b7f01439d623ceaac2bcffd28ca.php 第 358 行.
NOTIC: [8] Undefined index: isactive E:\upupw\vhosts\shenzhou.com\Apps\Runtime\Cache\Admin\8b4a9b7f01439d623ceaac2bcffd28ca.php 第 358 行.
NOTIC: [8] Undefined index: isactive E:\upupw\vhosts\shenzhou.com\Apps\Runtime\Cache\Admin\8b4a9b7f01439d623ceaac2bcffd28ca.php 第 358 行.
NOTIC: [8] Undefined index: isactive E:\upupw\vhosts\shenzhou.com\Apps\Runtime\Cache\Admin\8b4a9b7f01439d623ceaac2bcffd28ca.php 第 358 行.
NOTIC: [8] Undefined index: isactive E:\upupw\vhosts\shenzhou.com\Apps\Runtime\Cache\Admin\8b4a9b7f01439d623ceaac2bcffd28ca.php 第 358 行.
NOTIC: [8] Undefined index: isopen E:\upupw\vhosts\shenzhou.com\Apps\Runtime\Cache\Admin\8b4a9b7f01439d623ceaac2bcffd28ca.php 第 350 行.
NOTIC: [8] Undefined index: isactive E:\upupw\vhosts\shenzhou.com\Apps\Runtime\Cache\Admin\8b4a9b7f01439d623ceaac2bcffd28ca.php 第 350 行.
NOTIC: [8] Undefined index: isopen E:\upupw\vhosts\shenzhou.com\Apps\Runtime\Cache\Admin\8b4a9b7f01439d623ceaac2bcffd28ca.php 第 357 行.
NOTIC: [8] Undefined index: isactive E:\upupw\vhosts\shenzhou.com\Apps\Runtime\Cache\Admin\8b4a9b7f01439d623ceaac2bcffd28ca.php 第 358 行.
NOTIC: [8] Undefined index: isactive E:\upupw\vhosts\shenzhou.com\Apps\Runtime\Cache\Admin\8b4a9b7f01439d623ceaac2bcffd28ca.php 第 358 行.
NOTIC: [8] Undefined index: isactive E:\upupw\vhosts\shenzhou.com\Apps\Runtime\Cache\Admin\8b4a9b7f01439d623ceaac2bcffd28ca.php 第 358 行.
NOTIC: [8] Undefined index: isactive E:\upupw\vhosts\shenzhou.com\Apps\Runtime\Cache\Admin\8b4a9b7f01439d623ceaac2bcffd28ca.php 第 358 行.
NOTIC: [8] Undefined index: isactive E:\upupw\vhosts\shenzhou.com\Apps\Runtime\Cache\Admin\8b4a9b7f01439d623ceaac2bcffd28ca.php 第 358 行.
NOTIC: [8] Undefined index: isactive E:\upupw\vhosts\shenzhou.com\Apps\Runtime\Cache\Admin\8b4a9b7f01439d623ceaac2bcffd28ca.php 第 358 行.
NOTIC: [8] Undefined index: isactive E:\upupw\vhosts\shenzhou.com\Apps\Runtime\Cache\Admin\8b4a9b7f01439d623ceaac2bcffd28ca.php 第 358 行.
NOTIC: [8] Undefined index: isactive E:\upupw\vhosts\shenzhou.com\Apps\Runtime\Cache\Admin\8b4a9b7f01439d623ceaac2bcffd28ca.php 第 358 行.
NOTIC: [8] Undefined index: keyword E:\upupw\vhosts\shenzhou.com\Apps\Runtime\Cache\Admin\8b4a9b7f01439d623ceaac2bcffd28ca.php 第 397 行.
INFO: Run Behavior\ParseTemplateBehavior [ RunTime:0.065004s ]
INFO: [ view_parse ] --END-- [ RunTime:0.065004s ]
INFO: [ view_filter ] --START--
INFO: Run Behavior\WriteHtmlCacheBehavior [ RunTime:0.001000s ]
INFO: [ view_filter ] --END-- [ RunTime:0.001000s ]
INFO: [ app_end ] --START--
INFO: Run Behavior\ShowPageTraceBehavior [ RunTime:0.002000s ]
INFO: [ app_end ] --END-- [ RunTime:0.002000s ]

[ 2015-06-21T18:59:40+08:00 ] 127.0.0.1 /Setting/index.html
INFO: [ app_init ] --START--
INFO: Run Behavior\BuildLiteBehavior [ RunTime:0.000000s ]
INFO: [ app_init ] --END-- [ RunTime:0.001000s ]
SQL: SHOW COLUMNS FROM `ls_config` [ RunTime:0.005000s ]
SQL: SELECT `name`,`value` FROM `ls_config`  [ RunTime:0.001000s ]
INFO: [ app_begin ] --START--
INFO: Run Behavior\ReadHtmlCacheBehavior [ RunTime:0.001000s ]
INFO: [ app_begin ] --END-- [ RunTime:0.002000s ]
SQL: SHOW COLUMNS FROM `ls_sidenav` [ RunTime:0.006000s ]
SQL: SELECT * FROM `ls_sidenav` WHERE ( `pid` = 0 ) AND ( `status` = 1 ) ORDER BY sort  [ RunTime:0.000000s ]
SQL: SELECT * FROM `ls_sidenav` WHERE ( pid=1 AND status=1 ) ORDER BY sort  [ RunTime:0.001000s ]
NOTIC: [2] Invalid argument supplied for foreach() E:\upupw\vhosts\shenzhou.com\Apps\Admin\Controller\AdminController.class.php 第 0 行.
SQL: SELECT * FROM `ls_sidenav` WHERE ( pid=51 AND status=1 ) ORDER BY sort  [ RunTime:0.001000s ]
SQL: SELECT * FROM `ls_sidenav` WHERE ( pid=138 AND status=1 ) ORDER BY sort  [ RunTime:0.001000s ]
SQL: SELECT * FROM `ls_sidenav` WHERE ( pid=55 AND status=1 ) ORDER BY sort  [ RunTime:0.001000s ]
SQL: SELECT * FROM `ls_sidenav` WHERE ( pid=6 AND status=1 ) ORDER BY sort  [ RunTime:0.001001s ]
SQL: SELECT * FROM `ls_sidenav` WHERE ( pid=67 AND status=1 ) ORDER BY sort  [ RunTime:0.001000s ]
SQL: SELECT * FROM `ls_sidenav` WHERE ( pid=5 AND status=1 ) ORDER BY sort  [ RunTime:0.001000s ]
SQL: SELECT * FROM `ls_sidenav` WHERE ( pid=39 AND status=1 ) ORDER BY sort  [ RunTime:0.001000s ]
SQL: SELECT * FROM `ls_sidenav` WHERE ( pid=70 AND status=1 ) ORDER BY sort  [ RunTime:0.001000s ]
SQL: SELECT * FROM `ls_sidenav` WHERE ( pid=2 AND status=1 ) ORDER BY sort  [ RunTime:0.001000s ]
SQL: SHOW COLUMNS FROM `ls_msg` [ RunTime:0.006000s ]
SQL: SELECT COUNT(*) AS tp_count FROM `ls_msg` WHERE ( hasview=0 AND type="liuyan" ) LIMIT 1   [ RunTime:0.001000s ]
SQL: SELECT * FROM `ls_msg` WHERE ( hasview=0  AND type="liuyan" ) ORDER BY id desc LIMIT 3   [ RunTime:0.001000s ]
SQL: SHOW COLUMNS FROM `ls_users` [ RunTime:0.006001s ]
SQL: SELECT `uid`,`username`,`nickname`,`touxiang`,`sex`,`email`,`score` FROM `ls_users` WHERE ( uid=42 AND status=1 ) LIMIT 1   [ RunTime:0.000000s ]
SQL: SHOW COLUMNS FROM `ls_yundan` [ RunTime:0.007000s ]
SQL: SELECT COUNT(*) AS tp_count FROM `ls_yundan` WHERE ( status=1 ) LIMIT 1   [ RunTime:0.000000s ]
SQL: SHOW COLUMNS FROM `ls_huikuan` [ RunTime:0.005001s ]
SQL: SELECT COUNT(*) AS tp_count FROM `ls_huikuan` WHERE ( status=0 ) LIMIT 1   [ RunTime:0.001000s ]
INFO: [ view_parse ] --START--
INFO: [ template_filter ] --START--
INFO: Run Behavior\ContentReplaceBehavior [ RunTime:0.001000s ]
INFO: [ template_filter ] --END-- [ RunTime:0.001000s ]
NOTIC: [8] Undefined index: isopen E:\upupw\vhosts\shenzhou.com\Apps\Runtime\Cache\Admin\93d8a73c2c97a95e07e794d8372bcec5.php 第 350 行.
NOTIC: [8] Undefined index: isactive E:\upupw\vhosts\shenzhou.com\Apps\Runtime\Cache\Admin\93d8a73c2c97a95e07e794d8372bcec5.php 第 350 行.
NOTIC: [8] Undefined index: isopen E:\upupw\vhosts\shenzhou.com\Apps\Runtime\Cache\Admin\93d8a73c2c97a95e07e794d8372bcec5.php 第 350 行.
NOTIC: [8] Undefined index: isactive E:\upupw\vhosts\shenzhou.com\Apps\Runtime\Cache\Admin\93d8a73c2c97a95e07e794d8372bcec5.php 第 350 行.
NOTIC: [8] Undefined index: isopen E:\upupw\vhosts\shenzhou.com\Apps\Runtime\Cache\Admin\93d8a73c2c97a95e07e794d8372bcec5.php 第 357 行.
NOTIC: [8] Undefined index: isactive E:\upupw\vhosts\shenzhou.com\Apps\Runtime\Cache\Admin\93d8a73c2c97a95e07e794d8372bcec5.php 第 358 行.
NOTIC: [8] Undefined index: isactive E:\upupw\vhosts\shenzhou.com\Apps\Runtime\Cache\Admin\93d8a73c2c97a95e07e794d8372bcec5.php 第 358 行.
NOTIC: [8] Undefined index: isactive E:\upupw\vhosts\shenzhou.com\Apps\Runtime\Cache\Admin\93d8a73c2c97a95e07e794d8372bcec5.php 第 358 行.
NOTIC: [8] Undefined index: isopen E:\upupw\vhosts\shenzhou.com\Apps\Runtime\Cache\Admin\93d8a73c2c97a95e07e794d8372bcec5.php 第 350 行.
NOTIC: [8] Undefined index: isactive E:\upupw\vhosts\shenzhou.com\Apps\Runtime\Cache\Admin\93d8a73c2c97a95e07e794d8372bcec5.php 第 350 行.
NOTIC: [8] Undefined index: isopen E:\upupw\vhosts\shenzhou.com\Apps\Runtime\Cache\Admin\93d8a73c2c97a95e07e794d8372bcec5.php 第 357 行.
NOTIC: [8] Undefined index: isactive E:\upupw\vhosts\shenzhou.com\Apps\Runtime\Cache\Admin\93d8a73c2c97a95e07e794d8372bcec5.php 第 358 行.
NOTIC: [8] Undefined index: isactive E:\upupw\vhosts\shenzhou.com\Apps\Runtime\Cache\Admin\93d8a73c2c97a95e07e794d8372bcec5.php 第 358 行.
NOTIC: [8] Undefined index: isopen E:\upupw\vhosts\shenzhou.com\Apps\Runtime\Cache\Admin\93d8a73c2c97a95e07e794d8372bcec5.php 第 350 行.
NOTIC: [8] Undefined index: isactive E:\upupw\vhosts\shenzhou.com\Apps\Runtime\Cache\Admin\93d8a73c2c97a95e07e794d8372bcec5.php 第 350 行.
NOTIC: [8] Undefined index: isopen E:\upupw\vhosts\shenzhou.com\Apps\Runtime\Cache\Admin\93d8a73c2c97a95e07e794d8372bcec5.php 第 357 行.
NOTIC: [8] Undefined index: isactive E:\upupw\vhosts\shenzhou.com\Apps\Runtime\Cache\Admin\93d8a73c2c97a95e07e794d8372bcec5.php 第 358 行.
NOTIC: [8] Undefined index: isactive E:\upupw\vhosts\shenzhou.com\Apps\Runtime\Cache\Admin\93d8a73c2c97a95e07e794d8372bcec5.php 第 358 行.
NOTIC: [8] Undefined index: isopen E:\upupw\vhosts\shenzhou.com\Apps\Runtime\Cache\Admin\93d8a73c2c97a95e07e794d8372bcec5.php 第 350 行.
NOTIC: [8] Undefined index: isactive E:\upupw\vhosts\shenzhou.com\Apps\Runtime\Cache\Admin\93d8a73c2c97a95e07e794d8372bcec5.php 第 350 行.
NOTIC: [8] Undefined index: isopen E:\upupw\vhosts\shenzhou.com\Apps\Runtime\Cache\Admin\93d8a73c2c97a95e07e794d8372bcec5.php 第 357 行.
NOTIC: [8] Undefined index: isactive E:\upupw\vhosts\shenzhou.com\Apps\Runtime\Cache\Admin\93d8a73c2c97a95e07e794d8372bcec5.php 第 358 行.
NOTIC: [8] Undefined index: isactive E:\upupw\vhosts\shenzhou.com\Apps\Runtime\Cache\Admin\93d8a73c2c97a95e07e794d8372bcec5.php 第 358 行.
NOTIC: [8] Undefined index: isactive E:\upupw\vhosts\shenzhou.com\Apps\Runtime\Cache\Admin\93d8a73c2c97a95e07e794d8372bcec5.php 第 358 行.
NOTIC: [8] Undefined index: isactive E:\upupw\vhosts\shenzhou.com\Apps\Runtime\Cache\Admin\93d8a73c2c97a95e07e794d8372bcec5.php 第 358 行.
NOTIC: [8] Undefined index: isopen E:\upupw\vhosts\shenzhou.com\Apps\Runtime\Cache\Admin\93d8a73c2c97a95e07e794d8372bcec5.php 第 350 行.
NOTIC: [8] Undefined index: isactive E:\upupw\vhosts\shenzhou.com\Apps\Runtime\Cache\Admin\93d8a73c2c97a95e07e794d8372bcec5.php 第 350 行.
NOTIC: [8] Undefined index: isopen E:\upupw\vhosts\shenzhou.com\Apps\Runtime\Cache\Admin\93d8a73c2c97a95e07e794d8372bcec5.php 第 357 行.
NOTIC: [8] Undefined index: isactive E:\upupw\vhosts\shenzhou.com\Apps\Runtime\Cache\Admin\93d8a73c2c97a95e07e794d8372bcec5.php 第 358 行.
NOTIC: [8] Undefined index: isactive E:\upupw\vhosts\shenzhou.com\Apps\Runtime\Cache\Admin\93d8a73c2c97a95e07e794d8372bcec5.php 第 358 行.
NOTIC: [8] Undefined index: isactive E:\upupw\vhosts\shenzhou.com\Apps\Runtime\Cache\Admin\93d8a73c2c97a95e07e794d8372bcec5.php 第 358 行.
NOTIC: [8] Undefined index: isactive E:\upupw\vhosts\shenzhou.com\Apps\Runtime\Cache\Admin\93d8a73c2c97a95e07e794d8372bcec5.php 第 358 行.
NOTIC: [8] Undefined index: isopen E:\upupw\vhosts\shenzhou.com\Apps\Runtime\Cache\Admin\93d8a73c2c97a95e07e794d8372bcec5.php 第 350 行.
NOTIC: [8] Undefined index: isactive E:\upupw\vhosts\shenzhou.com\Apps\Runtime\Cache\Admin\93d8a73c2c97a95e07e794d8372bcec5.php 第 350 行.
NOTIC: [8] Undefined index: isopen E:\upupw\vhosts\shenzhou.com\Apps\Runtime\Cache\Admin\93d8a73c2c97a95e07e794d8372bcec5.php 第 357 行.
NOTIC: [8] Undefined index: isactive E:\upupw\vhosts\shenzhou.com\Apps\Runtime\Cache\Admin\93d8a73c2c97a95e07e794d8372bcec5.php 第 358 行.
NOTIC: [8] Undefined index: isactive E:\upupw\vhosts\shenzhou.com\Apps\Runtime\Cache\Admin\93d8a73c2c97a95e07e794d8372bcec5.php 第 358 行.
NOTIC: [8] Undefined index: isopen E:\upupw\vhosts\shenzhou.com\Apps\Runtime\Cache\Admin\93d8a73c2c97a95e07e794d8372bcec5.php 第 350 行.
NOTIC: [8] Undefined index: isactive E:\upupw\vhosts\shenzhou.com\Apps\Runtime\Cache\Admin\93d8a73c2c97a95e07e794d8372bcec5.php 第 350 行.
NOTIC: [8] Undefined index: isopen E:\upupw\vhosts\shenzhou.com\Apps\Runtime\Cache\Admin\93d8a73c2c97a95e07e794d8372bcec5.php 第 357 行.
NOTIC: [8] Undefined index: isactive E:\upupw\vhosts\shenzhou.com\Apps\Runtime\Cache\Admin\93d8a73c2c97a95e07e794d8372bcec5.php 第 358 行.
NOTIC: [8] Undefined index: isactive E:\upupw\vhosts\shenzhou.com\Apps\Runtime\Cache\Admin\93d8a73c2c97a95e07e794d8372bcec5.php 第 358 行.
NOTIC: [8] Undefined index: isactive E:\upupw\vhosts\shenzhou.com\Apps\Runtime\Cache\Admin\93d8a73c2c97a95e07e794d8372bcec5.php 第 358 行.
NOTIC: [8] Undefined index: isactive E:\upupw\vhosts\shenzhou.com\Apps\Runtime\Cache\Admin\93d8a73c2c97a95e07e794d8372bcec5.php 第 358 行.
NOTIC: [8] Undefined index: isactive E:\upupw\vhosts\shenzhou.com\Apps\Runtime\Cache\Admin\93d8a73c2c97a95e07e794d8372bcec5.php 第 358 行.
NOTIC: [8] Undefined index: isactive E:\upupw\vhosts\shenzhou.com\Apps\Runtime\Cache\Admin\93d8a73c2c97a95e07e794d8372bcec5.php 第 358 行.
NOTIC: [8] Undefined index: isopen E:\upupw\vhosts\shenzhou.com\Apps\Runtime\Cache\Admin\93d8a73c2c97a95e07e794d8372bcec5.php 第 350 行.
NOTIC: [8] Undefined index: isactive E:\upupw\vhosts\shenzhou.com\Apps\Runtime\Cache\Admin\93d8a73c2c97a95e07e794d8372bcec5.php 第 350 行.
NOTIC: [8] Undefined index: isopen E:\upupw\vhosts\shenzhou.com\Apps\Runtime\Cache\Admin\93d8a73c2c97a95e07e794d8372bcec5.php 第 357 行.
NOTIC: [8] Undefined index: isactive E:\upupw\vhosts\shenzhou.com\Apps\Runtime\Cache\Admin\93d8a73c2c97a95e07e794d8372bcec5.php 第 358 行.
NOTIC: [8] Undefined index: isactive E:\upupw\vhosts\shenzhou.com\Apps\Runtime\Cache\Admin\93d8a73c2c97a95e07e794d8372bcec5.php 第 358 行.
NOTIC: [8] Undefined index: isactive E:\upupw\vhosts\shenzhou.com\Apps\Runtime\Cache\Admin\93d8a73c2c97a95e07e794d8372bcec5.php 第 358 行.
NOTIC: [8] Undefined index: isactive E:\upupw\vhosts\shenzhou.com\Apps\Runtime\Cache\Admin\93d8a73c2c97a95e07e794d8372bcec5.php 第 358 行.
NOTIC: [8] Undefined index: isactive E:\upupw\vhosts\shenzhou.com\Apps\Runtime\Cache\Admin\93d8a73c2c97a95e07e794d8372bcec5.php 第 358 行.
NOTIC: [8] Undefined index: isactive E:\upupw\vhosts\shenzhou.com\Apps\Runtime\Cache\Admin\93d8a73c2c97a95e07e794d8372bcec5.php 第 358 行.
NOTIC: [8] Undefined index: isactive E:\upupw\vhosts\shenzhou.com\Apps\Runtime\Cache\Admin\93d8a73c2c97a95e07e794d8372bcec5.php 第 358 行.
NOTIC: [8] Undefined index: isactive E:\upupw\vhosts\shenzhou.com\Apps\Runtime\Cache\Admin\93d8a73c2c97a95e07e794d8372bcec5.php 第 358 行.
NOTIC: [8] Undefined index: isactive E:\upupw\vhosts\shenzhou.com\Apps\Runtime\Cache\Admin\93d8a73c2c97a95e07e794d8372bcec5.php 第 358 行.
NOTIC: [8] Undefined index: isactive E:\upupw\vhosts\shenzhou.com\Apps\Runtime\Cache\Admin\93d8a73c2c97a95e07e794d8372bcec5.php 第 358 行.
NOTIC: [8] Undefined index: isactive E:\upupw\vhosts\shenzhou.com\Apps\Runtime\Cache\Admin\93d8a73c2c97a95e07e794d8372bcec5.php 第 358 行.
NOTIC: [8] Undefined index: isactive E:\upupw\vhosts\shenzhou.com\Apps\Runtime\Cache\Admin\93d8a73c2c97a95e07e794d8372bcec5.php 第 358 行.
NOTIC: [8] Undefined index: isactive E:\upupw\vhosts\shenzhou.com\Apps\Runtime\Cache\Admin\93d8a73c2c97a95e07e794d8372bcec5.php 第 358 行.
NOTIC: [8] Undefined index: isactive E:\upupw\vhosts\shenzhou.com\Apps\Runtime\Cache\Admin\93d8a73c2c97a95e07e794d8372bcec5.php 第 358 行.
NOTIC: [8] Undefined index: keyword E:\upupw\vhosts\shenzhou.com\Apps\Runtime\Cache\Admin\93d8a73c2c97a95e07e794d8372bcec5.php 第 397 行.
INFO: Run Behavior\ParseTemplateBehavior [ RunTime:0.074004s ]
INFO: [ view_parse ] --END-- [ RunTime:0.074004s ]
INFO: [ view_filter ] --START--
INFO: Run Behavior\WriteHtmlCacheBehavior [ RunTime:0.002000s ]
INFO: [ view_filter ] --END-- [ RunTime:0.002000s ]
INFO: [ app_end ] --START--
INFO: Run Behavior\ShowPageTraceBehavior [ RunTime:0.001000s ]
INFO: [ app_end ] --END-- [ RunTime:0.001000s ]

